ARM GAS  C:\Users\joack\AppData\Local\Temp\ccpi2ndF.s 			page 1


   1              		.syntax unified
   2              		.cpu cortex-m3
   3              		.fpu softvfp
   4              		.eabi_attribute 20, 1
   5              		.eabi_attribute 21, 1
   6              		.eabi_attribute 23, 3
   7              		.eabi_attribute 24, 1
   8              		.eabi_attribute 25, 1
   9              		.eabi_attribute 26, 1
  10              		.eabi_attribute 30, 1
  11              		.eabi_attribute 34, 1
  12              		.eabi_attribute 18, 4
  13              		.thumb
  14              		.syntax unified
  15              		.file	"main.c"
  16              		.text
  17              	.Ltext0:
  18              		.cfi_sections	.debug_frame
  19              		.global	__aeabi_i2d
  20              		.global	__aeabi_ddiv
  21              		.global	__aeabi_dmul
  22              		.global	__aeabi_d2f
  23              		.global	__aeabi_f2d
  24              		.global	__aeabi_fcmplt
  25              		.section	.text.main,"ax",%progbits
  26              		.align	2
  27              		.global	main
  28              		.thumb
  29              		.thumb_func
  30              		.type	main, %function
  31              	main:
  32              	.LFB64:
  33              		.file 1 "main.c"
   1:main.c        **** /**
   2:main.c        **** * @mainpage ZumoBot Project
   3:main.c        **** * @brief    You can make your own ZumoBot with various sensors.
   4:main.c        **** * @details  <br><br>
   5:main.c        ****     <p>
   6:main.c        ****     <B>General</B><br>
   7:main.c        ****     You will use Pololu Zumo Shields for your robot project with CY8CKIT-059(PSoC 5LP) from Cypress
   8:main.c        ****     library has basic methods of various sensors and communications so that you can make what you w
   9:main.c        ****     <br><br>
  10:main.c        ****     </p>
  11:main.c        ****     
  12:main.c        ****     <p>
  13:main.c        ****     <B>Sensors</B><br>
  14:main.c        ****     &nbsp;Included: <br>
  15:main.c        ****         &nbsp;&nbsp;&nbsp;&nbsp;LSM303D: Accelerometer & Magnetometer<br>
  16:main.c        ****         &nbsp;&nbsp;&nbsp;&nbsp;L3GD20H: Gyroscope<br>
  17:main.c        ****         &nbsp;&nbsp;&nbsp;&nbsp;Reflectance sensor<br>
  18:main.c        ****         &nbsp;&nbsp;&nbsp;&nbsp;Motors
  19:main.c        ****     &nbsp;Wii nunchuck<br>
  20:main.c        ****     &nbsp;TSOP-2236: IR Receiver<br>
  21:main.c        ****     &nbsp;HC-SR04: Ultrasonic sensor<br>
  22:main.c        ****     &nbsp;APDS-9301: Ambient light sensor<br>
  23:main.c        ****     &nbsp;IR LED <br><br><br>
  24:main.c        ****     </p>
ARM GAS  C:\Users\joack\AppData\Local\Temp\ccpi2ndF.s 			page 2


  25:main.c        ****     
  26:main.c        ****     <p>
  27:main.c        ****     <B>Communication</B><br>
  28:main.c        ****     I2C, UART, Serial<br>
  29:main.c        ****     </p>
  30:main.c        **** */
  31:main.c        **** 
  32:main.c        **** #include <project.h>
  33:main.c        **** #include <stdio.h>
  34:main.c        **** #include "Motor.h"
  35:main.c        **** #include "Ultra.h"
  36:main.c        **** #include "Nunchuk.h"
  37:main.c        **** #include "Reflectance.h"
  38:main.c        **** #include "I2C_made.h"
  39:main.c        **** #include "Gyro.h"
  40:main.c        **** #include "Accel_magnet.h"
  41:main.c        **** #include "IR.h"
  42:main.c        **** #include "Ambient.h"
  43:main.c        **** #include "Beep.h"
  44:main.c        **** 
  45:main.c        **** int rread(void);
  46:main.c        **** 
  47:main.c        **** /**
  48:main.c        ****  * @file    main.c
  49:main.c        ****  * @brief   
  50:main.c        ****  * @details  ** You should enable global interrupt for operating properly. **<br>&nbsp;&nbsp;&nbsp;
  51:main.c        **** */
  52:main.c        **** 
  53:main.c        **** 
  54:main.c        **** //battery level//
  55:main.c        **** /*int main()
  56:main.c        **** {
  57:main.c        ****     CyGlobalIntEnable; 
  58:main.c        ****     UART_1_Start();
  59:main.c        ****     ADC_Battery_Start();        
  60:main.c        ****     int16 adcresult =0;
  61:main.c        ****     float volts = 0.0;
  62:main.c        ****     float a = 0.0;
  63:main.c        ****     int i = 0;
  64:main.c        ****     
  65:main.c        **** 
  66:main.c        **** 
  67:main.c        ****     printf("\nBoot\n");
  68:main.c        **** 
  69:main.c        ****     //BatteryLed_Write(1); // Switch led on 
  70:main.c        ****     BatteryLed_Write(0); // Switch led off 
  71:main.c        ****     uint8 button;
  72:main.c        ****     button = SW1_Read(); // read SW1 on pSoC board
  73:main.c        **** 
  74:main.c        ****     for(;;)
  75:main.c        ****     {
  76:main.c        ****         i++;
  77:main.c        ****         if (i >=1000) {
  78:main.c        ****             i = 0;
  79:main.c        ****             ADC_Battery_StartConvert();
  80:main.c        ****             if(ADC_Battery_IsEndConversion(ADC_Battery_WAIT_FOR_RESULT)) {   // wait for get ADC co
  81:main.c        ****                 adcresult = ADC_Battery_GetResult16();
ARM GAS  C:\Users\joack\AppData\Local\Temp\ccpi2ndF.s 			page 3


  82:main.c        ****                 a = adcresult/4095.0*5*1.5;
  83:main.c        ****                 volts = ADC_Battery_CountsTo_Volts(adcresult);                  // convert value to
  84:main.c        ****         
  85:main.c        ****             // If you want to print value
  86:main.c        ****             //printf("%d %f\r\n",adcresult, a);
  87:main.c        ****             }
  88:main.c        ****             printf("%f\n", a);
  89:main.c        ****         }
  90:main.c        ****         if (a < 4 ) {
  91:main.c        ****             BatteryLed_Write(1);
  92:main.c        ****             CyDelay(250);
  93:main.c        ****             BatteryLed_Write(0);
  94:main.c        ****             CyDelay(250);
  95:main.c        ****             i += 50;
  96:main.c        ****         }
  97:main.c        ****         CyDelay(10);
  98:main.c        ****     }
  99:main.c        ****  }   
 100:main.c        **** //*/
 101:main.c        **** 
 102:main.c        **** 
 103:main.c        **** /*//ultra sonic sensor//
 104:main.c        **** int main()
 105:main.c        **** {
 106:main.c        ****     CyGlobalIntEnable; 
 107:main.c        ****     UART_1_Start();
 108:main.c        ****     Ultra_Start();                          // Ultra Sonic Start function
 109:main.c        ****     while(1) {
 110:main.c        ****         //If you want to print out the value  
 111:main.c        ****         printf("distance = %5.0f\r\n", Ultra_GetDistance());
 112:main.c        ****         CyDelay(1000);
 113:main.c        ****     }
 114:main.c        **** }   
 115:main.c        **** //*/
 116:main.c        **** 
 117:main.c        **** 
 118:main.c        **** /*//nunchuk//
 119:main.c        **** int main()
 120:main.c        **** {
 121:main.c        ****     CyGlobalIntEnable; 
 122:main.c        ****     UART_1_Start();
 123:main.c        ****   
 124:main.c        ****     nunchuk_start();
 125:main.c        ****     nunchuk_init();
 126:main.c        ****     
 127:main.c        ****     for(;;)
 128:main.c        ****     {    
 129:main.c        ****         nunchuk_read();
 130:main.c        ****     }
 131:main.c        **** }   
 132:main.c        **** //*/
 133:main.c        **** 
 134:main.c        **** 
 135:main.c        **** /*//IR receiver//
 136:main.c        **** int main()
 137:main.c        **** {
 138:main.c        ****     CyGlobalIntEnable; 
ARM GAS  C:\Users\joack\AppData\Local\Temp\ccpi2ndF.s 			page 4


 139:main.c        ****     UART_1_Start();
 140:main.c        ****     
 141:main.c        ****     unsigned int IR_val; 
 142:main.c        ****     
 143:main.c        ****     for(;;)
 144:main.c        ****     {
 145:main.c        ****        IR_val = get_IR();
 146:main.c        ****        printf("%x\r\n\n",IR_val);
 147:main.c        ****     }    
 148:main.c        ****  }   
 149:main.c        **** //*/
 150:main.c        **** 
 151:main.c        **** 
 152:main.c        **** /*//Ambient light sensor//
 153:main.c        **** int main()
 154:main.c        **** {
 155:main.c        ****     CyGlobalIntEnable; 
 156:main.c        ****     UART_1_Start();
 157:main.c        ****     
 158:main.c        ****     I2C_Start();
 159:main.c        ****     
 160:main.c        ****     I2C_write(0x29,0x80,0x00);          // set to power down
 161:main.c        ****     I2C_write(0x29,0x80,0x03);          // set to power on
 162:main.c        ****     
 163:main.c        ****     for(;;)
 164:main.c        ****     {    
 165:main.c        ****         uint8 Data0Low,Data0High,Data1Low,Data1High;
 166:main.c        ****         Data0Low = I2C_read(0x29,CH0_L);
 167:main.c        ****         Data0High = I2C_read(0x29,CH0_H);
 168:main.c        ****         Data1Low = I2C_read(0x29,CH1_L);
 169:main.c        ****         Data1High = I2C_read(0x29,CH1_H);
 170:main.c        ****         
 171:main.c        ****         uint8 CH0, CH1;
 172:main.c        ****         CH0 = convert_raw(Data0Low,Data0High);      // combine Data0
 173:main.c        ****         CH1 = convert_raw(Data1Low,Data1High);      // combine Data1
 174:main.c        **** 
 175:main.c        ****         double Ch0 = CH0;
 176:main.c        ****         double Ch1 = CH1;
 177:main.c        ****         
 178:main.c        ****         double data = 0;
 179:main.c        ****         data = getLux(Ch0,Ch1);
 180:main.c        ****         
 181:main.c        ****         // If you want to print out data
 182:main.c        ****         //printf("%lf\r\n",data);    
 183:main.c        ****     }    
 184:main.c        ****  }   
 185:main.c        **** //*/
 186:main.c        **** 
 187:main.c        **** 
 188:main.c        **** /*//accelerometer//
 189:main.c        **** int main()
 190:main.c        **** {
 191:main.c        ****     CyGlobalIntEnable; 
 192:main.c        ****     UART_1_Start();
 193:main.c        ****   
 194:main.c        ****     I2C_Start();
 195:main.c        ****   
ARM GAS  C:\Users\joack\AppData\Local\Temp\ccpi2ndF.s 			page 5


 196:main.c        ****     uint8 X_L_A, X_H_A, Y_L_A, Y_H_A, Z_L_A, Z_H_A;
 197:main.c        ****     int16 X_AXIS_A, Y_AXIS_A, Z_AXIS_A;
 198:main.c        ****     
 199:main.c        ****     I2C_write(ACCEL_MAG_ADDR, ACCEL_CTRL1_REG, 0x37);           // set accelerometer & magnetometer
 200:main.c        ****     I2C_write(ACCEL_MAG_ADDR, ACCEL_CTRL7_REG, 0x22);
 201:main.c        ****     
 202:main.c        ****     
 203:main.c        ****     for(;;)
 204:main.c        ****     {
 205:main.c        ****         //print out accelerometer output
 206:main.c        ****         X_L_A = I2C_read(ACCEL_MAG_ADDR, OUT_X_L_A);
 207:main.c        ****         X_H_A = I2C_read(ACCEL_MAG_ADDR, OUT_X_H_A);
 208:main.c        ****         X_AXIS_A = convert_raw(X_L_A, X_H_A);
 209:main.c        ****         
 210:main.c        ****         Y_L_A = I2C_read(ACCEL_MAG_ADDR, OUT_Y_L_A);
 211:main.c        ****         Y_H_A = I2C_read(ACCEL_MAG_ADDR, OUT_Y_H_A);
 212:main.c        ****         Y_AXIS_A = convert_raw(Y_L_A, Y_H_A);
 213:main.c        ****         
 214:main.c        ****         Z_L_A = I2C_read(ACCEL_MAG_ADDR, OUT_Z_L_A);
 215:main.c        ****         Z_H_A = I2C_read(ACCEL_MAG_ADDR, OUT_Z_H_A);
 216:main.c        ****         Z_AXIS_A = convert_raw(Z_L_A, Z_H_A);
 217:main.c        ****         
 218:main.c        ****         printf("ACCEL: %d %d %d %d %d %d \r\n", X_L_A, X_H_A, Y_L_A, Y_H_A, Z_L_A, Z_H_A);
 219:main.c        ****         value_convert_accel(X_AXIS_A, Y_AXIS_A, Z_AXIS_A);
 220:main.c        ****         printf("\n");
 221:main.c        ****         
 222:main.c        ****         CyDelay(50);
 223:main.c        ****     }
 224:main.c        **** }   
 225:main.c        **** //*/
 226:main.c        **** 
 227:main.c        **** 
 228:main.c        **** /*//reflectance//
 229:main.c        **** int main()
 230:main.c        **** {
 231:main.c        ****     struct sensors_ ref;
 232:main.c        ****     struct sensors_ dig;
 233:main.c        ****     CyGlobalIntEnable; 
 234:main.c        ****     UART_1_Start();
 235:main.c        ****   
 236:main.c        ****     sensor_isr_StartEx(sensor_isr_handler);
 237:main.c        ****     
 238:main.c        ****     reflectance_start();
 239:main.c        **** 
 240:main.c        ****     IR_led_Write(1);
 241:main.c        ****     for(;;)
 242:main.c        ****     {
 243:main.c        ****         reflectance_read(&ref);
 244:main.c        ****         printf("%d %d %d %d \r\n", ref.l3, ref.l1, ref.r1, ref.r3);       //print out each period o
 245:main.c        ****         reflectance_digital(&dig);      //print out 0 or 1 according to results of reflectance peri
 246:main.c        ****         printf("%d %d %d %d \r\n", dig.l3, dig.l1, dig.r1, dig.r3);        //print out 0 or 1 accor
 247:main.c        ****         
 248:main.c        ****         CyDelay(500);
 249:main.c        ****     }
 250:main.c        **** }   
 251:main.c        **** //*/
 252:main.c        **** 
ARM GAS  C:\Users\joack\AppData\Local\Temp\ccpi2ndF.s 			page 6


 253:main.c        ****   //motor//
 254:main.c        **** int main()
 255:main.c        **** {
  34              		.loc 1 255 0
  35              		.cfi_startproc
  36              		@ args = 0, pretend = 0, frame = 0
  37              		@ frame_needed = 0, uses_anonymous_args = 0
  38 0000 38B5     		push	{r3, r4, r5, lr}
  39              		.cfi_def_cfa_offset 16
  40              		.cfi_offset 3, -16
  41              		.cfi_offset 4, -12
  42              		.cfi_offset 5, -8
  43              		.cfi_offset 14, -4
 256:main.c        ****     CyGlobalIntEnable; 
  44              		.loc 1 256 0
  45              		.syntax unified
  46              	@ 256 "main.c" 1
  47 0002 62B6     		CPSIE   i
  48              	@ 0 "" 2
 257:main.c        ****     UART_1_Start();
  49              		.loc 1 257 0
  50              		.thumb
  51              		.syntax unified
  52 0004 FFF7FEFF 		bl	UART_1_Start
  53              	.LVL0:
 258:main.c        ****     ADC_Battery_Start();        
  54              		.loc 1 258 0
  55 0008 FFF7FEFF 		bl	ADC_Battery_Start
  56              	.LVL1:
 259:main.c        ****     int16 adcresult =0;
 260:main.c        ****     float volts = 0.0;
 261:main.c        ****     float a = 0.0;
 262:main.c        ****     int i = 0;
  57              		.loc 1 262 0
  58 000c 0024     		movs	r4, #0
 261:main.c        ****     int i = 0;
  59              		.loc 1 261 0
  60 000e 0025     		movs	r5, #0
  61              	.LVL2:
  62              	.L7:
 263:main.c        ****     int button = 1;
 264:main.c        ****     for(;;)
 265:main.c        ****     {
 266:main.c        ****         i++;
  63              		.loc 1 266 0
  64 0010 0134     		adds	r4, r4, #1
  65              	.LVL3:
 267:main.c        ****         if (i >=1000) {
  66              		.loc 1 267 0
  67 0012 B4F57A7F 		cmp	r4, #1000
  68 0016 26DB     		blt	.L2
  69              	.LVL4:
 268:main.c        ****             i = 0;
 269:main.c        ****             ADC_Battery_StartConvert();
  70              		.loc 1 269 0
  71 0018 FFF7FEFF 		bl	ADC_Battery_StartConvert
  72              	.LVL5:
ARM GAS  C:\Users\joack\AppData\Local\Temp\ccpi2ndF.s 			page 7


 270:main.c        ****             if(ADC_Battery_IsEndConversion(ADC_Battery_WAIT_FOR_RESULT)) {   // wait for get ADC co
  73              		.loc 1 270 0
  74 001c 0020     		movs	r0, #0
  75 001e FFF7FEFF 		bl	ADC_Battery_IsEndConversion
  76              	.LVL6:
  77 0022 B8B1     		cbz	r0, .L3
 271:main.c        ****                 adcresult = ADC_Battery_GetResult16();
  78              		.loc 1 271 0
  79 0024 FFF7FEFF 		bl	ADC_Battery_GetResult16
  80              	.LVL7:
  81 0028 0446     		mov	r4, r0
  82              	.LVL8:
 272:main.c        ****                 a = adcresult/4095.0*5*1.5;
  83              		.loc 1 272 0
  84 002a FFF7FEFF 		bl	__aeabi_i2d
  85              	.LVL9:
  86 002e 38A3     		adr	r3, .L10
  87 0030 D3E90023 		ldrd	r2, [r3]
  88 0034 FFF7FEFF 		bl	__aeabi_ddiv
  89              	.LVL10:
  90 0038 0022     		movs	r2, #0
  91 003a 374B     		ldr	r3, .L10+8
  92 003c FFF7FEFF 		bl	__aeabi_dmul
  93              	.LVL11:
  94 0040 0022     		movs	r2, #0
  95 0042 364B     		ldr	r3, .L10+12
  96 0044 FFF7FEFF 		bl	__aeabi_dmul
  97              	.LVL12:
  98 0048 FFF7FEFF 		bl	__aeabi_d2f
  99              	.LVL13:
 100 004c 0546     		mov	r5, r0
 101              	.LVL14:
 273:main.c        ****                 volts = ADC_Battery_CountsTo_Volts(adcresult);                  // convert value to
 102              		.loc 1 273 0
 103 004e 2046     		mov	r0, r4
 104              	.LVL15:
 105 0050 FFF7FEFF 		bl	ADC_Battery_CountsTo_Volts
 106              	.LVL16:
 107              	.L3:
 274:main.c        ****         
 275:main.c        ****             // If you want to print value
 276:main.c        ****             //printf("%d %f\r\n",adcresult, a);
 277:main.c        ****             }
 278:main.c        ****             printf("%f\n", a);
 108              		.loc 1 278 0
 109 0054 2846     		mov	r0, r5
 110 0056 FFF7FEFF 		bl	__aeabi_f2d
 111              	.LVL17:
 112 005a 0246     		mov	r2, r0
 113 005c 0B46     		mov	r3, r1
 114 005e 3048     		ldr	r0, .L10+16
 115 0060 FFF7FEFF 		bl	printf
 116              	.LVL18:
 268:main.c        ****             ADC_Battery_StartConvert();
 117              		.loc 1 268 0
 118 0064 0024     		movs	r4, #0
 119              	.LVL19:
ARM GAS  C:\Users\joack\AppData\Local\Temp\ccpi2ndF.s 			page 8


 120              	.L2:
 279:main.c        ****         }
 280:main.c        ****         if (a < 4 ) {
 121              		.loc 1 280 0
 122 0066 4FF08141 		mov	r1, #1082130432
 123 006a 2846     		mov	r0, r5
 124 006c FFF7FEFF 		bl	__aeabi_fcmplt
 125              	.LVL20:
 126 0070 60B1     		cbz	r0, .L4
 281:main.c        ****             BatteryLed_Write(1);
 127              		.loc 1 281 0
 128 0072 0120     		movs	r0, #1
 129 0074 FFF7FEFF 		bl	BatteryLed_Write
 130              	.LVL21:
 282:main.c        ****             CyDelay(250);
 131              		.loc 1 282 0
 132 0078 FA20     		movs	r0, #250
 133 007a FFF7FEFF 		bl	CyDelay
 134              	.LVL22:
 283:main.c        ****             BatteryLed_Write(0);
 135              		.loc 1 283 0
 136 007e 0020     		movs	r0, #0
 137 0080 FFF7FEFF 		bl	BatteryLed_Write
 138              	.LVL23:
 284:main.c        ****             CyDelay(250);
 139              		.loc 1 284 0
 140 0084 FA20     		movs	r0, #250
 141 0086 FFF7FEFF 		bl	CyDelay
 142              	.LVL24:
 285:main.c        ****             i += 50;
 143              		.loc 1 285 0
 144 008a 3234     		adds	r4, r4, #50
 145              	.LVL25:
 146              	.L4:
 286:main.c        ****         }
 287:main.c        ****         button = SW1_Read();
 147              		.loc 1 287 0
 148 008c FFF7FEFF 		bl	SW1_Read
 149              	.LVL26:
 288:main.c        ****         if (button == 0) {
 150              		.loc 1 288 0
 151 0090 C8BB     		cbnz	r0, .L6
 289:main.c        ****             motor_start();                 
 152              		.loc 1 289 0
 153 0092 FFF7FEFF 		bl	motor_start
 154              	.LVL27:
 290:main.c        ****              
 291:main.c        ****         motor_turn(106,100,4300);     
 155              		.loc 1 291 0
 156 0096 41F2CC02 		movw	r2, #4300
 157 009a 6421     		movs	r1, #100
 158 009c 6A20     		movs	r0, #106
 159 009e FFF7FEFF 		bl	motor_turn
 160              	.LVL28:
 292:main.c        ****         motor_turn(200,20,500);        
 161              		.loc 1 292 0
 162 00a2 4FF4FA72 		mov	r2, #500
ARM GAS  C:\Users\joack\AppData\Local\Temp\ccpi2ndF.s 			page 9


 163 00a6 1421     		movs	r1, #20
 164 00a8 C820     		movs	r0, #200
 165 00aa FFF7FEFF 		bl	motor_turn
 166              	.LVL29:
 293:main.c        ****         motor_turn(106,100,3000);
 167              		.loc 1 293 0
 168 00ae 40F6B832 		movw	r2, #3000
 169 00b2 6421     		movs	r1, #100
 170 00b4 6A20     		movs	r0, #106
 171 00b6 FFF7FEFF 		bl	motor_turn
 172              	.LVL30:
 294:main.c        ****         motor_turn(200,20,500);
 173              		.loc 1 294 0
 174 00ba 4FF4FA72 		mov	r2, #500
 175 00be 1421     		movs	r1, #20
 176 00c0 C820     		movs	r0, #200
 177 00c2 FFF7FEFF 		bl	motor_turn
 178              	.LVL31:
 295:main.c        ****         motor_turn(106,100,3150);
 179              		.loc 1 295 0
 180 00c6 40F64E42 		movw	r2, #3150
 181 00ca 6421     		movs	r1, #100
 182 00cc 6A20     		movs	r0, #106
 183 00ce FFF7FEFF 		bl	motor_turn
 184              	.LVL32:
 296:main.c        ****         motor_turn(200,20,525);
 185              		.loc 1 296 0
 186 00d2 40F20D22 		movw	r2, #525
 187 00d6 1421     		movs	r1, #20
 188 00d8 C820     		movs	r0, #200
 189 00da FFF7FEFF 		bl	motor_turn
 190              	.LVL33:
 297:main.c        ****         motor_turn(210,150,1100);
 191              		.loc 1 297 0
 192 00de 40F24C42 		movw	r2, #1100
 193 00e2 9621     		movs	r1, #150
 194 00e4 D220     		movs	r0, #210
 195 00e6 FFF7FEFF 		bl	motor_turn
 196              	.LVL34:
 298:main.c        ****         motor_turn(150,100,900);
 197              		.loc 1 298 0
 198 00ea 4FF46172 		mov	r2, #900
 199 00ee 6421     		movs	r1, #100
 200 00f0 9620     		movs	r0, #150
 201 00f2 FFF7FEFF 		bl	motor_turn
 202              	.LVL35:
 299:main.c        ****         motor_turn(106,100,600);   
 203              		.loc 1 299 0
 204 00f6 4FF41672 		mov	r2, #600
 205 00fa 6421     		movs	r1, #100
 206 00fc 6A20     		movs	r0, #106
 207 00fe FFF7FEFF 		bl	motor_turn
 208              	.LVL36:
 300:main.c        ****        
 301:main.c        ****         motor_stop();
 209              		.loc 1 301 0
 210 0102 FFF7FEFF 		bl	motor_stop
ARM GAS  C:\Users\joack\AppData\Local\Temp\ccpi2ndF.s 			page 10


 211              	.LVL37:
 212              	.L6:
 302:main.c        ****         }
 303:main.c        ****         CyDelay(10);
 213              		.loc 1 303 0
 214 0106 0A20     		movs	r0, #10
 215 0108 FFF7FEFF 		bl	CyDelay
 216              	.LVL38:
 304:main.c        ****     }
 217              		.loc 1 304 0
 218 010c 80E7     		b	.L7
 219              	.L11:
 220 010e 00BF     		.align	3
 221              	.L10:
 222 0110 00000000 		.word	0
 223 0114 00FEAF40 		.word	1085275648
 224 0118 00001440 		.word	1075052544
 225 011c 0000F83F 		.word	1073217536
 226 0120 00000000 		.word	.LC0
 227              		.cfi_endproc
 228              	.LFE64:
 229              		.size	main, .-main
 230              		.section	.text._write,"ax",%progbits
 231              		.align	2
 232              		.global	_write
 233              		.thumb
 234              		.thumb_func
 235              		.type	_write, %function
 236              	_write:
 237              	.LFB65:
 305:main.c        **** }
 306:main.c        **** //
 307:main.c        ****     
 308:main.c        **** 
 309:main.c        **** /*//gyroscope//
 310:main.c        **** int main()
 311:main.c        **** {
 312:main.c        ****     CyGlobalIntEnable; 
 313:main.c        ****     UART_1_Start();
 314:main.c        ****   
 315:main.c        ****     I2C_Start();
 316:main.c        ****   
 317:main.c        ****     uint8 X_L_G, X_H_G, Y_L_G, Y_H_G, Z_L_G, Z_H_G;
 318:main.c        ****     int16 X_AXIS_G, Y_AXIS_G, Z_AXIS_G;
 319:main.c        ****     
 320:main.c        ****     I2C_write(GYRO_ADDR, GYRO_CTRL1_REG, 0x0F);             // set gyroscope into active mode
 321:main.c        ****     I2C_write(GYRO_ADDR, GYRO_CTRL4_REG, 0x30);             // set full scale selection to 2000dps 
 322:main.c        ****     
 323:main.c        ****     for(;;)
 324:main.c        ****     {
 325:main.c        ****         //print out gyroscope output
 326:main.c        ****         X_L_G = I2C_read(GYRO_ADDR, OUT_X_AXIS_L);
 327:main.c        ****         X_H_G = I2C_read(GYRO_ADDR, OUT_X_AXIS_H);
 328:main.c        ****         X_AXIS_G = convert_raw(X_H_G, X_L_G);
 329:main.c        ****         
 330:main.c        ****         
 331:main.c        ****         Y_L_G = I2C_read(GYRO_ADDR, OUT_Y_AXIS_L);
ARM GAS  C:\Users\joack\AppData\Local\Temp\ccpi2ndF.s 			page 11


 332:main.c        ****         Y_H_G = I2C_read(GYRO_ADDR, OUT_Y_AXIS_H);
 333:main.c        ****         Y_AXIS_G = convert_raw(Y_H_G, Y_L_G);
 334:main.c        ****         
 335:main.c        ****         
 336:main.c        ****         Z_L_G = I2C_read(GYRO_ADDR, OUT_Z_AXIS_L);
 337:main.c        ****         Z_H_G = I2C_read(GYRO_ADDR, OUT_Z_AXIS_H);
 338:main.c        ****         Z_AXIS_G = convert_raw(Z_H_G, Z_L_G);
 339:main.c        ****      
 340:main.c        ****         // If you want to print value
 341:main.c        ****         printf("%d %d %d \r\n", X_AXIS_G, Y_AXIS_G, Z_AXIS_G);
 342:main.c        ****         CyDelay(50);
 343:main.c        ****     }
 344:main.c        **** }   
 345:main.c        **** //*/
 346:main.c        **** 
 347:main.c        **** 
 348:main.c        **** /*//magnetometer//
 349:main.c        **** int main()
 350:main.c        **** {
 351:main.c        ****     CyGlobalIntEnable; 
 352:main.c        ****     UART_1_Start();
 353:main.c        ****   
 354:main.c        ****     I2C_Start();
 355:main.c        ****    
 356:main.c        ****     uint8 X_L_M, X_H_M, Y_L_M, Y_H_M, Z_L_M, Z_H_M;
 357:main.c        ****     int16 X_AXIS, Y_AXIS, Z_AXIS;
 358:main.c        ****     
 359:main.c        ****     I2C_write(GYRO_ADDR, GYRO_CTRL1_REG, 0x0F);             // set gyroscope into active mode
 360:main.c        ****     I2C_write(GYRO_ADDR, GYRO_CTRL4_REG, 0x30);             // set full scale selection to 2000dps
 361:main.c        ****     I2C_write(ACCEL_MAG_ADDR, ACCEL_CTRL1_REG, 0x37);           // set accelerometer & magnetometer
 362:main.c        ****     I2C_write(ACCEL_MAG_ADDR, ACCEL_CTRL7_REG, 0x22);
 363:main.c        ****     
 364:main.c        ****     
 365:main.c        ****     for(;;)
 366:main.c        ****     {
 367:main.c        ****         X_L_M = I2C_read(ACCEL_MAG_ADDR, OUT_X_L_M);
 368:main.c        ****         X_H_M = I2C_read(ACCEL_MAG_ADDR, OUT_X_H_M);
 369:main.c        ****         X_AXIS = convert_raw(X_L_M, X_H_M);
 370:main.c        ****         
 371:main.c        ****         Y_L_M = I2C_read(ACCEL_MAG_ADDR, OUT_Y_L_M);
 372:main.c        ****         Y_H_M = I2C_read(ACCEL_MAG_ADDR, OUT_Y_H_M);
 373:main.c        ****         Y_AXIS = convert_raw(Y_L_M, Y_H_M);
 374:main.c        ****         
 375:main.c        ****         Z_L_M = I2C_read(ACCEL_MAG_ADDR, OUT_Z_L_M);
 376:main.c        ****         Z_H_M = I2C_read(ACCEL_MAG_ADDR, OUT_Z_H_M);
 377:main.c        ****         Z_AXIS = convert_raw(Z_L_M, Z_H_M);
 378:main.c        ****         
 379:main.c        ****         heading(X_AXIS, Y_AXIS);
 380:main.c        ****         printf("MAGNET: %d %d %d %d %d %d \r\n", X_L_M, X_H_M, Y_L_M, Y_H_M, Z_L_M, Z_H_M);
 381:main.c        ****         printf("%d %d %d \r\n", X_AXIS,Y_AXIS, Z_AXIS);
 382:main.c        ****         CyDelay(50);      
 383:main.c        ****     }
 384:main.c        **** }   
 385:main.c        **** //*/
 386:main.c        **** 
 387:main.c        **** 
 388:main.c        **** #if 0
ARM GAS  C:\Users\joack\AppData\Local\Temp\ccpi2ndF.s 			page 12


 389:main.c        **** int rread(void)
 390:main.c        **** {
 391:main.c        ****     SC0_SetDriveMode(PIN_DM_STRONG);
 392:main.c        ****     SC0_Write(1);
 393:main.c        ****     CyDelayUs(10);
 394:main.c        ****     SC0_SetDriveMode(PIN_DM_DIG_HIZ);
 395:main.c        ****     Timer_1_Start();
 396:main.c        ****     uint16_t start = Timer_1_ReadCounter();
 397:main.c        ****     uint16_t end = 0;
 398:main.c        ****     while(!(Timer_1_ReadStatusRegister() & Timer_1_STATUS_TC)) {
 399:main.c        ****         if(SC0_Read() == 0 && end == 0) {
 400:main.c        ****             end = Timer_1_ReadCounter();
 401:main.c        ****         }
 402:main.c        ****     }
 403:main.c        ****     Timer_1_Stop();
 404:main.c        ****     
 405:main.c        ****     return (start - end);
 406:main.c        **** }
 407:main.c        **** #endif
 408:main.c        **** 
 409:main.c        **** /* Don't remove the functions below */
 410:main.c        **** int _write(int file, char *ptr, int len)
 411:main.c        **** {
 238              		.loc 1 411 0
 239              		.cfi_startproc
 240              		@ args = 0, pretend = 0, frame = 0
 241              		@ frame_needed = 0, uses_anonymous_args = 0
 242              	.LVL39:
 243 0000 F8B5     		push	{r3, r4, r5, r6, r7, lr}
 244              		.cfi_def_cfa_offset 24
 245              		.cfi_offset 3, -24
 246              		.cfi_offset 4, -20
 247              		.cfi_offset 5, -16
 248              		.cfi_offset 6, -12
 249              		.cfi_offset 7, -8
 250              		.cfi_offset 14, -4
 251 0002 0C46     		mov	r4, r1
 252 0004 1746     		mov	r7, r2
 253              	.LVL40:
 412:main.c        ****     (void)file; /* Parameter is not used, suppress unused argument warning */
 413:main.c        **** 	int n;
 414:main.c        **** 	for(n = 0; n < len; n++) {
 254              		.loc 1 414 0
 255 0006 0025     		movs	r5, #0
 256 0008 0BE0     		b	.L13
 257              	.LVL41:
 258              	.L15:
 415:main.c        ****         if(*ptr == '\n') UART_1_PutChar('\r');
 259              		.loc 1 415 0
 260 000a 2378     		ldrb	r3, [r4]	@ zero_extendqisi2
 261 000c 0A2B     		cmp	r3, #10
 262 000e 02D1     		bne	.L14
 263              		.loc 1 415 0 is_stmt 0 discriminator 1
 264 0010 0D20     		movs	r0, #13
 265 0012 FFF7FEFF 		bl	UART_1_PutChar
 266              	.LVL42:
 267              	.L14:
ARM GAS  C:\Users\joack\AppData\Local\Temp\ccpi2ndF.s 			page 13


 416:main.c        **** 		UART_1_PutChar(*ptr++);
 268              		.loc 1 416 0 is_stmt 1 discriminator 2
 269 0016 661C     		adds	r6, r4, #1
 270              	.LVL43:
 271 0018 2078     		ldrb	r0, [r4]	@ zero_extendqisi2
 272 001a FFF7FEFF 		bl	UART_1_PutChar
 273              	.LVL44:
 414:main.c        ****         if(*ptr == '\n') UART_1_PutChar('\r');
 274              		.loc 1 414 0 discriminator 2
 275 001e 0135     		adds	r5, r5, #1
 276              	.LVL45:
 277              		.loc 1 416 0 discriminator 2
 278 0020 3446     		mov	r4, r6
 279              	.LVL46:
 280              	.L13:
 414:main.c        ****         if(*ptr == '\n') UART_1_PutChar('\r');
 281              		.loc 1 414 0 discriminator 1
 282 0022 BD42     		cmp	r5, r7
 283 0024 F1DB     		blt	.L15
 417:main.c        **** 	}
 418:main.c        **** 	return len;
 419:main.c        **** }
 284              		.loc 1 419 0
 285 0026 3846     		mov	r0, r7
 286 0028 F8BD     		pop	{r3, r4, r5, r6, r7, pc}
 287              		.cfi_endproc
 288              	.LFE65:
 289              		.size	_write, .-_write
 290 002a 00BF     		.section	.text._read,"ax",%progbits
 291              		.align	2
 292              		.global	_read
 293              		.thumb
 294              		.thumb_func
 295              		.type	_read, %function
 296              	_read:
 297              	.LFB66:
 420:main.c        **** 
 421:main.c        **** int _read (int file, char *ptr, int count)
 422:main.c        **** {
 298              		.loc 1 422 0
 299              		.cfi_startproc
 300              		@ args = 0, pretend = 0, frame = 0
 301              		@ frame_needed = 0, uses_anonymous_args = 0
 302              	.LVL47:
 303 0000 F8B5     		push	{r3, r4, r5, r6, r7, lr}
 304              		.cfi_def_cfa_offset 24
 305              		.cfi_offset 3, -24
 306              		.cfi_offset 4, -20
 307              		.cfi_offset 5, -16
 308              		.cfi_offset 6, -12
 309              		.cfi_offset 7, -8
 310              		.cfi_offset 14, -4
 311 0002 0F46     		mov	r7, r1
 312 0004 1446     		mov	r4, r2
 313              	.LVL48:
 423:main.c        ****     int chs = 0;
 314              		.loc 1 423 0
ARM GAS  C:\Users\joack\AppData\Local\Temp\ccpi2ndF.s 			page 14


 315 0006 0026     		movs	r6, #0
 424:main.c        ****     char ch;
 425:main.c        ****  
 426:main.c        ****     (void)file; /* Parameter is not used, suppress unused argument warning */
 427:main.c        ****     while(count > 0) {
 316              		.loc 1 427 0
 317 0008 12E0     		b	.L19
 318              	.LVL49:
 319              	.L22:
 428:main.c        ****         ch = UART_1_GetChar();
 320              		.loc 1 428 0
 321 000a FFF7FEFF 		bl	UART_1_GetChar
 322              	.LVL50:
 429:main.c        ****         if(ch != 0) {
 323              		.loc 1 429 0
 324 000e 0546     		mov	r5, r0
 325 0010 70B1     		cbz	r0, .L19
 430:main.c        ****             UART_1_PutChar(ch);
 326              		.loc 1 430 0
 327 0012 FFF7FEFF 		bl	UART_1_PutChar
 328              	.LVL51:
 431:main.c        ****             chs++;
 329              		.loc 1 431 0
 330 0016 0136     		adds	r6, r6, #1
 331              	.LVL52:
 432:main.c        ****             if(ch == '\r') {
 332              		.loc 1 432 0
 333 0018 0D2D     		cmp	r5, #13
 334 001a 03D1     		bne	.L20
 335              	.LVL53:
 433:main.c        ****                 ch = '\n';
 434:main.c        ****                 UART_1_PutChar(ch);
 336              		.loc 1 434 0
 337 001c 0A20     		movs	r0, #10
 338 001e FFF7FEFF 		bl	UART_1_PutChar
 339              	.LVL54:
 433:main.c        ****                 ch = '\n';
 340              		.loc 1 433 0
 341 0022 0A25     		movs	r5, #10
 342              	.LVL55:
 343              	.L20:
 435:main.c        ****             }
 436:main.c        ****             *ptr++ = ch;
 344              		.loc 1 436 0
 345 0024 7B1C     		adds	r3, r7, #1
 346              	.LVL56:
 347 0026 3D70     		strb	r5, [r7]
 437:main.c        ****             count--;
 348              		.loc 1 437 0
 349 0028 013C     		subs	r4, r4, #1
 350              	.LVL57:
 438:main.c        ****             if(ch == '\n') break;
 351              		.loc 1 438 0
 352 002a 0A2D     		cmp	r5, #10
 353 002c 02D0     		beq	.L21
 436:main.c        ****             count--;
 354              		.loc 1 436 0
ARM GAS  C:\Users\joack\AppData\Local\Temp\ccpi2ndF.s 			page 15


 355 002e 1F46     		mov	r7, r3
 356              	.LVL58:
 357              	.L19:
 427:main.c        ****         ch = UART_1_GetChar();
 358              		.loc 1 427 0
 359 0030 002C     		cmp	r4, #0
 360 0032 EADC     		bgt	.L22
 361              	.LVL59:
 362              	.L21:
 439:main.c        ****         }
 440:main.c        ****     }
 441:main.c        ****     return chs;
 442:main.c        **** }
 363              		.loc 1 442 0
 364 0034 3046     		mov	r0, r6
 365 0036 F8BD     		pop	{r3, r4, r5, r6, r7, pc}
 366              		.cfi_endproc
 367              	.LFE66:
 368              		.size	_read, .-_read
 369              		.section	.rodata.str1.4,"aMS",%progbits,1
 370              		.align	2
 371              	.LC0:
 372 0000 25660A00 		.ascii	"%f\012\000"
 373              		.text
 374              	.Letext0:
 375              		.file 2 "d:\\psoc creator\\4.1\\psoc creator\\import\\gnu\\arm\\5.4.1\\arm-none-eabi\\include\\mac
 376              		.file 3 "d:\\psoc creator\\4.1\\psoc creator\\import\\gnu\\arm\\5.4.1\\arm-none-eabi\\include\\sys
 377              		.file 4 "Generated_Source\\PSoC5/cytypes.h"
 378              		.file 5 "Generated_Source\\PSoC5/UART_1.h"
 379              		.file 6 "Generated_Source\\PSoC5/ADC_Battery.h"
 380              		.file 7 "d:\\psoc creator\\4.1\\psoc creator\\import\\gnu\\arm\\5.4.1\\arm-none-eabi\\include\\std
 381              		.file 8 "Generated_Source\\PSoC5/BatteryLed.h"
 382              		.file 9 "Generated_Source\\PSoC5/CyLib.h"
 383              		.file 10 "Generated_Source\\PSoC5/SW1.h"
 384              		.file 11 ".\\ZumoLibrary/Motor.h"
 385              		.file 12 "Generated_Source\\PSoC5/core_cm3.h"
 386              		.section	.debug_info,"",%progbits
 387              	.Ldebug_info0:
 388 0000 DA040000 		.4byte	0x4da
 389 0004 0400     		.2byte	0x4
 390 0006 00000000 		.4byte	.Ldebug_abbrev0
 391 000a 04       		.byte	0x4
 392 000b 01       		.uleb128 0x1
 393 000c 5B000000 		.4byte	.LASF40
 394 0010 0C       		.byte	0xc
 395 0011 2A020000 		.4byte	.LASF41
 396 0015 0D010000 		.4byte	.LASF42
 397 0019 00000000 		.4byte	.Ldebug_ranges0+0
 398 001d 00000000 		.4byte	0
 399 0021 00000000 		.4byte	.Ldebug_line0
 400 0025 02       		.uleb128 0x2
 401 0026 01       		.byte	0x1
 402 0027 06       		.byte	0x6
 403 0028 01010000 		.4byte	.LASF0
 404 002c 02       		.uleb128 0x2
 405 002d 01       		.byte	0x1
 406 002e 08       		.byte	0x8
ARM GAS  C:\Users\joack\AppData\Local\Temp\ccpi2ndF.s 			page 16


 407 002f 4D000000 		.4byte	.LASF1
 408 0033 02       		.uleb128 0x2
 409 0034 02       		.byte	0x2
 410 0035 05       		.byte	0x5
 411 0036 4D020000 		.4byte	.LASF2
 412 003a 02       		.uleb128 0x2
 413 003b 02       		.byte	0x2
 414 003c 07       		.byte	0x7
 415 003d 29000000 		.4byte	.LASF3
 416 0041 03       		.uleb128 0x3
 417 0042 0D000000 		.4byte	.LASF9
 418 0046 02       		.byte	0x2
 419 0047 3F       		.byte	0x3f
 420 0048 4C000000 		.4byte	0x4c
 421 004c 02       		.uleb128 0x2
 422 004d 04       		.byte	0x4
 423 004e 05       		.byte	0x5
 424 004f 73020000 		.4byte	.LASF4
 425 0053 02       		.uleb128 0x2
 426 0054 04       		.byte	0x4
 427 0055 07       		.byte	0x7
 428 0056 EF000000 		.4byte	.LASF5
 429 005a 02       		.uleb128 0x2
 430 005b 08       		.byte	0x8
 431 005c 05       		.byte	0x5
 432 005d 0B020000 		.4byte	.LASF6
 433 0061 02       		.uleb128 0x2
 434 0062 08       		.byte	0x8
 435 0063 07       		.byte	0x7
 436 0064 A6010000 		.4byte	.LASF7
 437 0068 04       		.uleb128 0x4
 438 0069 04       		.byte	0x4
 439 006a 05       		.byte	0x5
 440 006b 696E7400 		.ascii	"int\000"
 441 006f 02       		.uleb128 0x2
 442 0070 04       		.byte	0x4
 443 0071 07       		.byte	0x7
 444 0072 81010000 		.4byte	.LASF8
 445 0076 03       		.uleb128 0x3
 446 0077 F3010000 		.4byte	.LASF10
 447 007b 03       		.byte	0x3
 448 007c 2C       		.byte	0x2c
 449 007d 41000000 		.4byte	0x41
 450 0081 05       		.uleb128 0x5
 451 0082 E9000000 		.4byte	.LASF11
 452 0086 04       		.byte	0x4
 453 0087 9601     		.2byte	0x196
 454 0089 33000000 		.4byte	0x33
 455 008d 02       		.uleb128 0x2
 456 008e 04       		.byte	0x4
 457 008f 04       		.byte	0x4
 458 0090 42000000 		.4byte	.LASF12
 459 0094 02       		.uleb128 0x2
 460 0095 08       		.byte	0x8
 461 0096 04       		.byte	0x4
 462 0097 4E010000 		.4byte	.LASF13
 463 009b 02       		.uleb128 0x2
ARM GAS  C:\Users\joack\AppData\Local\Temp\ccpi2ndF.s 			page 17


 464 009c 01       		.byte	0x1
 465 009d 08       		.byte	0x8
 466 009e 31020000 		.4byte	.LASF14
 467 00a2 02       		.uleb128 0x2
 468 00a3 08       		.byte	0x8
 469 00a4 04       		.byte	0x4
 470 00a5 83020000 		.4byte	.LASF15
 471 00a9 02       		.uleb128 0x2
 472 00aa 04       		.byte	0x4
 473 00ab 07       		.byte	0x7
 474 00ac 02020000 		.4byte	.LASF16
 475 00b0 06       		.uleb128 0x6
 476 00b1 04       		.byte	0x4
 477 00b2 9B000000 		.4byte	0x9b
 478 00b6 07       		.uleb128 0x7
 479 00b7 60010000 		.4byte	.LASF20
 480 00bb 01       		.byte	0x1
 481 00bc FE       		.byte	0xfe
 482 00bd 68000000 		.4byte	0x68
 483 00c1 00000000 		.4byte	.LFB64
 484 00c5 24010000 		.4byte	.LFE64-.LFB64
 485 00c9 01       		.uleb128 0x1
 486 00ca 9C       		.byte	0x9c
 487 00cb 1C030000 		.4byte	0x31c
 488 00cf 08       		.uleb128 0x8
 489 00d0 36020000 		.4byte	.LASF17
 490 00d4 01       		.byte	0x1
 491 00d5 0301     		.2byte	0x103
 492 00d7 81000000 		.4byte	0x81
 493 00db 00000000 		.4byte	.LLST0
 494 00df 08       		.uleb128 0x8
 495 00e0 ED010000 		.4byte	.LASF18
 496 00e4 01       		.byte	0x1
 497 00e5 0401     		.2byte	0x104
 498 00e7 8D000000 		.4byte	0x8d
 499 00eb 1F000000 		.4byte	.LLST1
 500 00ef 09       		.uleb128 0x9
 501 00f0 6100     		.ascii	"a\000"
 502 00f2 01       		.byte	0x1
 503 00f3 0501     		.2byte	0x105
 504 00f5 8D000000 		.4byte	0x8d
 505 00f9 37000000 		.4byte	.LLST2
 506 00fd 09       		.uleb128 0x9
 507 00fe 6900     		.ascii	"i\000"
 508 0100 01       		.byte	0x1
 509 0101 0601     		.2byte	0x106
 510 0103 68000000 		.4byte	0x68
 511 0107 70000000 		.4byte	.LLST3
 512 010b 08       		.uleb128 0x8
 513 010c 7C020000 		.4byte	.LASF19
 514 0110 01       		.byte	0x1
 515 0111 0701     		.2byte	0x107
 516 0113 68000000 		.4byte	0x68
 517 0117 A6000000 		.4byte	.LLST4
 518 011b 0A       		.uleb128 0xa
 519 011c 08000000 		.4byte	.LVL0
 520 0120 38040000 		.4byte	0x438
ARM GAS  C:\Users\joack\AppData\Local\Temp\ccpi2ndF.s 			page 18


 521 0124 0A       		.uleb128 0xa
 522 0125 0C000000 		.4byte	.LVL1
 523 0129 43040000 		.4byte	0x443
 524 012d 0A       		.uleb128 0xa
 525 012e 1C000000 		.4byte	.LVL5
 526 0132 4E040000 		.4byte	0x44e
 527 0136 0B       		.uleb128 0xb
 528 0137 22000000 		.4byte	.LVL6
 529 013b 59040000 		.4byte	0x459
 530 013f 49010000 		.4byte	0x149
 531 0143 0C       		.uleb128 0xc
 532 0144 01       		.uleb128 0x1
 533 0145 50       		.byte	0x50
 534 0146 01       		.uleb128 0x1
 535 0147 30       		.byte	0x30
 536 0148 00       		.byte	0
 537 0149 0A       		.uleb128 0xa
 538 014a 28000000 		.4byte	.LVL7
 539 014e 64040000 		.4byte	0x464
 540 0152 0B       		.uleb128 0xb
 541 0153 54000000 		.4byte	.LVL16
 542 0157 6F040000 		.4byte	0x46f
 543 015b 66010000 		.4byte	0x166
 544 015f 0C       		.uleb128 0xc
 545 0160 01       		.uleb128 0x1
 546 0161 50       		.byte	0x50
 547 0162 02       		.uleb128 0x2
 548 0163 74       		.byte	0x74
 549 0164 00       		.sleb128 0
 550 0165 00       		.byte	0
 551 0166 0B       		.uleb128 0xb
 552 0167 64000000 		.4byte	.LVL18
 553 016b 7A040000 		.4byte	0x47a
 554 016f 7D010000 		.4byte	0x17d
 555 0173 0C       		.uleb128 0xc
 556 0174 01       		.uleb128 0x1
 557 0175 50       		.byte	0x50
 558 0176 05       		.uleb128 0x5
 559 0177 03       		.byte	0x3
 560 0178 00000000 		.4byte	.LC0
 561 017c 00       		.byte	0
 562 017d 0B       		.uleb128 0xb
 563 017e 78000000 		.4byte	.LVL21
 564 0182 85040000 		.4byte	0x485
 565 0186 90010000 		.4byte	0x190
 566 018a 0C       		.uleb128 0xc
 567 018b 01       		.uleb128 0x1
 568 018c 50       		.byte	0x50
 569 018d 01       		.uleb128 0x1
 570 018e 31       		.byte	0x31
 571 018f 00       		.byte	0
 572 0190 0B       		.uleb128 0xb
 573 0191 7E000000 		.4byte	.LVL22
 574 0195 90040000 		.4byte	0x490
 575 0199 A4010000 		.4byte	0x1a4
 576 019d 0C       		.uleb128 0xc
 577 019e 01       		.uleb128 0x1
ARM GAS  C:\Users\joack\AppData\Local\Temp\ccpi2ndF.s 			page 19


 578 019f 50       		.byte	0x50
 579 01a0 02       		.uleb128 0x2
 580 01a1 08       		.byte	0x8
 581 01a2 FA       		.byte	0xfa
 582 01a3 00       		.byte	0
 583 01a4 0B       		.uleb128 0xb
 584 01a5 84000000 		.4byte	.LVL23
 585 01a9 85040000 		.4byte	0x485
 586 01ad B7010000 		.4byte	0x1b7
 587 01b1 0C       		.uleb128 0xc
 588 01b2 01       		.uleb128 0x1
 589 01b3 50       		.byte	0x50
 590 01b4 01       		.uleb128 0x1
 591 01b5 30       		.byte	0x30
 592 01b6 00       		.byte	0
 593 01b7 0B       		.uleb128 0xb
 594 01b8 8A000000 		.4byte	.LVL24
 595 01bc 90040000 		.4byte	0x490
 596 01c0 CB010000 		.4byte	0x1cb
 597 01c4 0C       		.uleb128 0xc
 598 01c5 01       		.uleb128 0x1
 599 01c6 50       		.byte	0x50
 600 01c7 02       		.uleb128 0x2
 601 01c8 08       		.byte	0x8
 602 01c9 FA       		.byte	0xfa
 603 01ca 00       		.byte	0
 604 01cb 0A       		.uleb128 0xa
 605 01cc 90000000 		.4byte	.LVL26
 606 01d0 9B040000 		.4byte	0x49b
 607 01d4 0A       		.uleb128 0xa
 608 01d5 96000000 		.4byte	.LVL27
 609 01d9 A6040000 		.4byte	0x4a6
 610 01dd 0B       		.uleb128 0xb
 611 01de A2000000 		.4byte	.LVL28
 612 01e2 B1040000 		.4byte	0x4b1
 613 01e6 FE010000 		.4byte	0x1fe
 614 01ea 0C       		.uleb128 0xc
 615 01eb 01       		.uleb128 0x1
 616 01ec 50       		.byte	0x50
 617 01ed 02       		.uleb128 0x2
 618 01ee 08       		.byte	0x8
 619 01ef 6A       		.byte	0x6a
 620 01f0 0C       		.uleb128 0xc
 621 01f1 01       		.uleb128 0x1
 622 01f2 51       		.byte	0x51
 623 01f3 02       		.uleb128 0x2
 624 01f4 08       		.byte	0x8
 625 01f5 64       		.byte	0x64
 626 01f6 0C       		.uleb128 0xc
 627 01f7 01       		.uleb128 0x1
 628 01f8 52       		.byte	0x52
 629 01f9 03       		.uleb128 0x3
 630 01fa 0A       		.byte	0xa
 631 01fb CC10     		.2byte	0x10cc
 632 01fd 00       		.byte	0
 633 01fe 0B       		.uleb128 0xb
 634 01ff AE000000 		.4byte	.LVL29
ARM GAS  C:\Users\joack\AppData\Local\Temp\ccpi2ndF.s 			page 20


 635 0203 B1040000 		.4byte	0x4b1
 636 0207 1E020000 		.4byte	0x21e
 637 020b 0C       		.uleb128 0xc
 638 020c 01       		.uleb128 0x1
 639 020d 50       		.byte	0x50
 640 020e 02       		.uleb128 0x2
 641 020f 09       		.byte	0x9
 642 0210 C8       		.byte	0xc8
 643 0211 0C       		.uleb128 0xc
 644 0212 01       		.uleb128 0x1
 645 0213 51       		.byte	0x51
 646 0214 01       		.uleb128 0x1
 647 0215 44       		.byte	0x44
 648 0216 0C       		.uleb128 0xc
 649 0217 01       		.uleb128 0x1
 650 0218 52       		.byte	0x52
 651 0219 03       		.uleb128 0x3
 652 021a 0A       		.byte	0xa
 653 021b F401     		.2byte	0x1f4
 654 021d 00       		.byte	0
 655 021e 0B       		.uleb128 0xb
 656 021f BA000000 		.4byte	.LVL30
 657 0223 B1040000 		.4byte	0x4b1
 658 0227 3F020000 		.4byte	0x23f
 659 022b 0C       		.uleb128 0xc
 660 022c 01       		.uleb128 0x1
 661 022d 50       		.byte	0x50
 662 022e 02       		.uleb128 0x2
 663 022f 08       		.byte	0x8
 664 0230 6A       		.byte	0x6a
 665 0231 0C       		.uleb128 0xc
 666 0232 01       		.uleb128 0x1
 667 0233 51       		.byte	0x51
 668 0234 02       		.uleb128 0x2
 669 0235 08       		.byte	0x8
 670 0236 64       		.byte	0x64
 671 0237 0C       		.uleb128 0xc
 672 0238 01       		.uleb128 0x1
 673 0239 52       		.byte	0x52
 674 023a 03       		.uleb128 0x3
 675 023b 0A       		.byte	0xa
 676 023c B80B     		.2byte	0xbb8
 677 023e 00       		.byte	0
 678 023f 0B       		.uleb128 0xb
 679 0240 C6000000 		.4byte	.LVL31
 680 0244 B1040000 		.4byte	0x4b1
 681 0248 5F020000 		.4byte	0x25f
 682 024c 0C       		.uleb128 0xc
 683 024d 01       		.uleb128 0x1
 684 024e 50       		.byte	0x50
 685 024f 02       		.uleb128 0x2
 686 0250 09       		.byte	0x9
 687 0251 C8       		.byte	0xc8
 688 0252 0C       		.uleb128 0xc
 689 0253 01       		.uleb128 0x1
 690 0254 51       		.byte	0x51
 691 0255 01       		.uleb128 0x1
ARM GAS  C:\Users\joack\AppData\Local\Temp\ccpi2ndF.s 			page 21


 692 0256 44       		.byte	0x44
 693 0257 0C       		.uleb128 0xc
 694 0258 01       		.uleb128 0x1
 695 0259 52       		.byte	0x52
 696 025a 03       		.uleb128 0x3
 697 025b 0A       		.byte	0xa
 698 025c F401     		.2byte	0x1f4
 699 025e 00       		.byte	0
 700 025f 0B       		.uleb128 0xb
 701 0260 D2000000 		.4byte	.LVL32
 702 0264 B1040000 		.4byte	0x4b1
 703 0268 80020000 		.4byte	0x280
 704 026c 0C       		.uleb128 0xc
 705 026d 01       		.uleb128 0x1
 706 026e 50       		.byte	0x50
 707 026f 02       		.uleb128 0x2
 708 0270 08       		.byte	0x8
 709 0271 6A       		.byte	0x6a
 710 0272 0C       		.uleb128 0xc
 711 0273 01       		.uleb128 0x1
 712 0274 51       		.byte	0x51
 713 0275 02       		.uleb128 0x2
 714 0276 08       		.byte	0x8
 715 0277 64       		.byte	0x64
 716 0278 0C       		.uleb128 0xc
 717 0279 01       		.uleb128 0x1
 718 027a 52       		.byte	0x52
 719 027b 03       		.uleb128 0x3
 720 027c 0A       		.byte	0xa
 721 027d 4E0C     		.2byte	0xc4e
 722 027f 00       		.byte	0
 723 0280 0B       		.uleb128 0xb
 724 0281 DE000000 		.4byte	.LVL33
 725 0285 B1040000 		.4byte	0x4b1
 726 0289 A0020000 		.4byte	0x2a0
 727 028d 0C       		.uleb128 0xc
 728 028e 01       		.uleb128 0x1
 729 028f 50       		.byte	0x50
 730 0290 02       		.uleb128 0x2
 731 0291 09       		.byte	0x9
 732 0292 C8       		.byte	0xc8
 733 0293 0C       		.uleb128 0xc
 734 0294 01       		.uleb128 0x1
 735 0295 51       		.byte	0x51
 736 0296 01       		.uleb128 0x1
 737 0297 44       		.byte	0x44
 738 0298 0C       		.uleb128 0xc
 739 0299 01       		.uleb128 0x1
 740 029a 52       		.byte	0x52
 741 029b 03       		.uleb128 0x3
 742 029c 0A       		.byte	0xa
 743 029d 0D02     		.2byte	0x20d
 744 029f 00       		.byte	0
 745 02a0 0B       		.uleb128 0xb
 746 02a1 EA000000 		.4byte	.LVL34
 747 02a5 B1040000 		.4byte	0x4b1
 748 02a9 C1020000 		.4byte	0x2c1
ARM GAS  C:\Users\joack\AppData\Local\Temp\ccpi2ndF.s 			page 22


 749 02ad 0C       		.uleb128 0xc
 750 02ae 01       		.uleb128 0x1
 751 02af 50       		.byte	0x50
 752 02b0 02       		.uleb128 0x2
 753 02b1 09       		.byte	0x9
 754 02b2 D2       		.byte	0xd2
 755 02b3 0C       		.uleb128 0xc
 756 02b4 01       		.uleb128 0x1
 757 02b5 51       		.byte	0x51
 758 02b6 02       		.uleb128 0x2
 759 02b7 09       		.byte	0x9
 760 02b8 96       		.byte	0x96
 761 02b9 0C       		.uleb128 0xc
 762 02ba 01       		.uleb128 0x1
 763 02bb 52       		.byte	0x52
 764 02bc 03       		.uleb128 0x3
 765 02bd 0A       		.byte	0xa
 766 02be 4C04     		.2byte	0x44c
 767 02c0 00       		.byte	0
 768 02c1 0B       		.uleb128 0xb
 769 02c2 F6000000 		.4byte	.LVL35
 770 02c6 B1040000 		.4byte	0x4b1
 771 02ca E2020000 		.4byte	0x2e2
 772 02ce 0C       		.uleb128 0xc
 773 02cf 01       		.uleb128 0x1
 774 02d0 50       		.byte	0x50
 775 02d1 02       		.uleb128 0x2
 776 02d2 09       		.byte	0x9
 777 02d3 96       		.byte	0x96
 778 02d4 0C       		.uleb128 0xc
 779 02d5 01       		.uleb128 0x1
 780 02d6 51       		.byte	0x51
 781 02d7 02       		.uleb128 0x2
 782 02d8 08       		.byte	0x8
 783 02d9 64       		.byte	0x64
 784 02da 0C       		.uleb128 0xc
 785 02db 01       		.uleb128 0x1
 786 02dc 52       		.byte	0x52
 787 02dd 03       		.uleb128 0x3
 788 02de 0A       		.byte	0xa
 789 02df 8403     		.2byte	0x384
 790 02e1 00       		.byte	0
 791 02e2 0B       		.uleb128 0xb
 792 02e3 02010000 		.4byte	.LVL36
 793 02e7 B1040000 		.4byte	0x4b1
 794 02eb 03030000 		.4byte	0x303
 795 02ef 0C       		.uleb128 0xc
 796 02f0 01       		.uleb128 0x1
 797 02f1 50       		.byte	0x50
 798 02f2 02       		.uleb128 0x2
 799 02f3 08       		.byte	0x8
 800 02f4 6A       		.byte	0x6a
 801 02f5 0C       		.uleb128 0xc
 802 02f6 01       		.uleb128 0x1
 803 02f7 51       		.byte	0x51
 804 02f8 02       		.uleb128 0x2
 805 02f9 08       		.byte	0x8
ARM GAS  C:\Users\joack\AppData\Local\Temp\ccpi2ndF.s 			page 23


 806 02fa 64       		.byte	0x64
 807 02fb 0C       		.uleb128 0xc
 808 02fc 01       		.uleb128 0x1
 809 02fd 52       		.byte	0x52
 810 02fe 03       		.uleb128 0x3
 811 02ff 0A       		.byte	0xa
 812 0300 5802     		.2byte	0x258
 813 0302 00       		.byte	0
 814 0303 0A       		.uleb128 0xa
 815 0304 06010000 		.4byte	.LVL37
 816 0308 BC040000 		.4byte	0x4bc
 817 030c 0D       		.uleb128 0xd
 818 030d 0C010000 		.4byte	.LVL38
 819 0311 90040000 		.4byte	0x490
 820 0315 0C       		.uleb128 0xc
 821 0316 01       		.uleb128 0x1
 822 0317 50       		.byte	0x50
 823 0318 01       		.uleb128 0x1
 824 0319 3A       		.byte	0x3a
 825 031a 00       		.byte	0
 826 031b 00       		.byte	0
 827 031c 0E       		.uleb128 0xe
 828 031d FB010000 		.4byte	.LASF21
 829 0321 01       		.byte	0x1
 830 0322 9A01     		.2byte	0x19a
 831 0324 68000000 		.4byte	0x68
 832 0328 00000000 		.4byte	.LFB65
 833 032c 2A000000 		.4byte	.LFE65-.LFB65
 834 0330 01       		.uleb128 0x1
 835 0331 9C       		.byte	0x9c
 836 0332 91030000 		.4byte	0x391
 837 0336 0F       		.uleb128 0xf
 838 0337 48000000 		.4byte	.LASF22
 839 033b 01       		.byte	0x1
 840 033c 9A01     		.2byte	0x19a
 841 033e 68000000 		.4byte	0x68
 842 0342 CA000000 		.4byte	.LLST5
 843 0346 10       		.uleb128 0x10
 844 0347 70747200 		.ascii	"ptr\000"
 845 034b 01       		.byte	0x1
 846 034c 9A01     		.2byte	0x19a
 847 034e B0000000 		.4byte	0xb0
 848 0352 EB000000 		.4byte	.LLST6
 849 0356 10       		.uleb128 0x10
 850 0357 6C656E00 		.ascii	"len\000"
 851 035b 01       		.byte	0x1
 852 035c 9A01     		.2byte	0x19a
 853 035e 68000000 		.4byte	0x68
 854 0362 1F010000 		.4byte	.LLST7
 855 0366 09       		.uleb128 0x9
 856 0367 6E00     		.ascii	"n\000"
 857 0369 01       		.byte	0x1
 858 036a 9D01     		.2byte	0x19d
 859 036c 68000000 		.4byte	0x68
 860 0370 3D010000 		.4byte	.LLST8
 861 0374 0B       		.uleb128 0xb
 862 0375 16000000 		.4byte	.LVL42
ARM GAS  C:\Users\joack\AppData\Local\Temp\ccpi2ndF.s 			page 24


 863 0379 C7040000 		.4byte	0x4c7
 864 037d 87030000 		.4byte	0x387
 865 0381 0C       		.uleb128 0xc
 866 0382 01       		.uleb128 0x1
 867 0383 50       		.byte	0x50
 868 0384 01       		.uleb128 0x1
 869 0385 3D       		.byte	0x3d
 870 0386 00       		.byte	0
 871 0387 0A       		.uleb128 0xa
 872 0388 1E000000 		.4byte	.LVL44
 873 038c C7040000 		.4byte	0x4c7
 874 0390 00       		.byte	0
 875 0391 0E       		.uleb128 0xe
 876 0392 3C000000 		.4byte	.LASF23
 877 0396 01       		.byte	0x1
 878 0397 A501     		.2byte	0x1a5
 879 0399 68000000 		.4byte	0x68
 880 039d 00000000 		.4byte	.LFB66
 881 03a1 38000000 		.4byte	.LFE66-.LFB66
 882 03a5 01       		.uleb128 0x1
 883 03a6 9C       		.byte	0x9c
 884 03a7 27040000 		.4byte	0x427
 885 03ab 0F       		.uleb128 0xf
 886 03ac 48000000 		.4byte	.LASF22
 887 03b0 01       		.byte	0x1
 888 03b1 A501     		.2byte	0x1a5
 889 03b3 68000000 		.4byte	0x68
 890 03b7 5C010000 		.4byte	.LLST9
 891 03bb 10       		.uleb128 0x10
 892 03bc 70747200 		.ascii	"ptr\000"
 893 03c0 01       		.byte	0x1
 894 03c1 A501     		.2byte	0x1a5
 895 03c3 B0000000 		.4byte	0xb0
 896 03c7 7D010000 		.4byte	.LLST10
 897 03cb 0F       		.uleb128 0xf
 898 03cc 47020000 		.4byte	.LASF24
 899 03d0 01       		.byte	0x1
 900 03d1 A501     		.2byte	0x1a5
 901 03d3 68000000 		.4byte	0x68
 902 03d7 B1010000 		.4byte	.LLST11
 903 03db 09       		.uleb128 0x9
 904 03dc 63687300 		.ascii	"chs\000"
 905 03e0 01       		.byte	0x1
 906 03e1 A701     		.2byte	0x1a7
 907 03e3 68000000 		.4byte	0x68
 908 03e7 CF010000 		.4byte	.LLST12
 909 03eb 09       		.uleb128 0x9
 910 03ec 636800   		.ascii	"ch\000"
 911 03ef 01       		.byte	0x1
 912 03f0 A801     		.2byte	0x1a8
 913 03f2 9B000000 		.4byte	0x9b
 914 03f6 EE010000 		.4byte	.LLST13
 915 03fa 0A       		.uleb128 0xa
 916 03fb 0E000000 		.4byte	.LVL50
 917 03ff D2040000 		.4byte	0x4d2
 918 0403 0B       		.uleb128 0xb
 919 0404 16000000 		.4byte	.LVL51
ARM GAS  C:\Users\joack\AppData\Local\Temp\ccpi2ndF.s 			page 25


 920 0408 C7040000 		.4byte	0x4c7
 921 040c 17040000 		.4byte	0x417
 922 0410 0C       		.uleb128 0xc
 923 0411 01       		.uleb128 0x1
 924 0412 50       		.byte	0x50
 925 0413 02       		.uleb128 0x2
 926 0414 75       		.byte	0x75
 927 0415 00       		.sleb128 0
 928 0416 00       		.byte	0
 929 0417 0D       		.uleb128 0xd
 930 0418 22000000 		.4byte	.LVL54
 931 041c C7040000 		.4byte	0x4c7
 932 0420 0C       		.uleb128 0xc
 933 0421 01       		.uleb128 0x1
 934 0422 50       		.byte	0x50
 935 0423 01       		.uleb128 0x1
 936 0424 3A       		.byte	0x3a
 937 0425 00       		.byte	0
 938 0426 00       		.byte	0
 939 0427 11       		.uleb128 0x11
 940 0428 65010000 		.4byte	.LASF43
 941 042c 0C       		.byte	0xc
 942 042d 9606     		.2byte	0x696
 943 042f 33040000 		.4byte	0x433
 944 0433 12       		.uleb128 0x12
 945 0434 76000000 		.4byte	0x76
 946 0438 13       		.uleb128 0x13
 947 0439 00000000 		.4byte	.LASF25
 948 043d 00000000 		.4byte	.LASF25
 949 0441 05       		.byte	0x5
 950 0442 54       		.byte	0x54
 951 0443 13       		.uleb128 0x13
 952 0444 17000000 		.4byte	.LASF26
 953 0448 17000000 		.4byte	.LASF26
 954 044c 06       		.byte	0x6
 955 044d 34       		.byte	0x34
 956 044e 13       		.uleb128 0x13
 957 044f 9A020000 		.4byte	.LASF27
 958 0453 9A020000 		.4byte	.LASF27
 959 0457 06       		.byte	0x6
 960 0458 D1       		.byte	0xd1
 961 0459 13       		.uleb128 0x13
 962 045a 57020000 		.4byte	.LASF28
 963 045e 57020000 		.4byte	.LASF28
 964 0462 06       		.byte	0x6
 965 0463 39       		.byte	0x39
 966 0464 13       		.uleb128 0x13
 967 0465 8E010000 		.4byte	.LASF29
 968 0469 8E010000 		.4byte	.LASF29
 969 046d 06       		.byte	0x6
 970 046e 3B       		.byte	0x3b
 971 046f 13       		.uleb128 0x13
 972 0470 C9010000 		.4byte	.LASF30
 973 0474 C9010000 		.4byte	.LASF30
 974 0478 06       		.byte	0x6
 975 0479 41       		.byte	0x41
 976 047a 13       		.uleb128 0x13
ARM GAS  C:\Users\joack\AppData\Local\Temp\ccpi2ndF.s 			page 26


 977 047b 40020000 		.4byte	.LASF31
 978 047f 40020000 		.4byte	.LASF31
 979 0483 07       		.byte	0x7
 980 0484 BB       		.byte	0xbb
 981 0485 13       		.uleb128 0x13
 982 0486 19020000 		.4byte	.LASF32
 983 048a 19020000 		.4byte	.LASF32
 984 048e 08       		.byte	0x8
 985 048f 26       		.byte	0x26
 986 0490 13       		.uleb128 0x13
 987 0491 B3020000 		.4byte	.LASF33
 988 0495 B3020000 		.4byte	.LASF33
 989 0499 09       		.byte	0x9
 990 049a 76       		.byte	0x76
 991 049b 13       		.uleb128 0x13
 992 049c E4010000 		.4byte	.LASF34
 993 04a0 E4010000 		.4byte	.LASF34
 994 04a4 0A       		.byte	0xa
 995 04a5 29       		.byte	0x29
 996 04a6 13       		.uleb128 0x13
 997 04a7 BD010000 		.4byte	.LASF35
 998 04ab BD010000 		.4byte	.LASF35
 999 04af 0B       		.byte	0xb
 1000 04b0 0B       		.byte	0xb
 1001 04b1 13       		.uleb128 0x13
 1002 04b2 8F020000 		.4byte	.LASF36
 1003 04b6 8F020000 		.4byte	.LASF36
 1004 04ba 0B       		.byte	0xb
 1005 04bb 12       		.byte	0x12
 1006 04bc 13       		.uleb128 0x13
 1007 04bd 55010000 		.4byte	.LASF37
 1008 04c1 55010000 		.4byte	.LASF37
 1009 04c5 0B       		.byte	0xb
 1010 04c6 0C       		.byte	0xc
 1011 04c7 13       		.uleb128 0x13
 1012 04c8 72010000 		.4byte	.LASF38
 1013 04cc 72010000 		.4byte	.LASF38
 1014 04d0 05       		.byte	0x5
 1015 04d1 8A       		.byte	0x8a
 1016 04d2 13       		.uleb128 0x13
 1017 04d3 BB020000 		.4byte	.LASF39
 1018 04d7 BB020000 		.4byte	.LASF39
 1019 04db 05       		.byte	0x5
 1020 04dc 71       		.byte	0x71
 1021 04dd 00       		.byte	0
 1022              		.section	.debug_abbrev,"",%progbits
 1023              	.Ldebug_abbrev0:
 1024 0000 01       		.uleb128 0x1
 1025 0001 11       		.uleb128 0x11
 1026 0002 01       		.byte	0x1
 1027 0003 25       		.uleb128 0x25
 1028 0004 0E       		.uleb128 0xe
 1029 0005 13       		.uleb128 0x13
 1030 0006 0B       		.uleb128 0xb
 1031 0007 03       		.uleb128 0x3
 1032 0008 0E       		.uleb128 0xe
 1033 0009 1B       		.uleb128 0x1b
ARM GAS  C:\Users\joack\AppData\Local\Temp\ccpi2ndF.s 			page 27


 1034 000a 0E       		.uleb128 0xe
 1035 000b 55       		.uleb128 0x55
 1036 000c 17       		.uleb128 0x17
 1037 000d 11       		.uleb128 0x11
 1038 000e 01       		.uleb128 0x1
 1039 000f 10       		.uleb128 0x10
 1040 0010 17       		.uleb128 0x17
 1041 0011 00       		.byte	0
 1042 0012 00       		.byte	0
 1043 0013 02       		.uleb128 0x2
 1044 0014 24       		.uleb128 0x24
 1045 0015 00       		.byte	0
 1046 0016 0B       		.uleb128 0xb
 1047 0017 0B       		.uleb128 0xb
 1048 0018 3E       		.uleb128 0x3e
 1049 0019 0B       		.uleb128 0xb
 1050 001a 03       		.uleb128 0x3
 1051 001b 0E       		.uleb128 0xe
 1052 001c 00       		.byte	0
 1053 001d 00       		.byte	0
 1054 001e 03       		.uleb128 0x3
 1055 001f 16       		.uleb128 0x16
 1056 0020 00       		.byte	0
 1057 0021 03       		.uleb128 0x3
 1058 0022 0E       		.uleb128 0xe
 1059 0023 3A       		.uleb128 0x3a
 1060 0024 0B       		.uleb128 0xb
 1061 0025 3B       		.uleb128 0x3b
 1062 0026 0B       		.uleb128 0xb
 1063 0027 49       		.uleb128 0x49
 1064 0028 13       		.uleb128 0x13
 1065 0029 00       		.byte	0
 1066 002a 00       		.byte	0
 1067 002b 04       		.uleb128 0x4
 1068 002c 24       		.uleb128 0x24
 1069 002d 00       		.byte	0
 1070 002e 0B       		.uleb128 0xb
 1071 002f 0B       		.uleb128 0xb
 1072 0030 3E       		.uleb128 0x3e
 1073 0031 0B       		.uleb128 0xb
 1074 0032 03       		.uleb128 0x3
 1075 0033 08       		.uleb128 0x8
 1076 0034 00       		.byte	0
 1077 0035 00       		.byte	0
 1078 0036 05       		.uleb128 0x5
 1079 0037 16       		.uleb128 0x16
 1080 0038 00       		.byte	0
 1081 0039 03       		.uleb128 0x3
 1082 003a 0E       		.uleb128 0xe
 1083 003b 3A       		.uleb128 0x3a
 1084 003c 0B       		.uleb128 0xb
 1085 003d 3B       		.uleb128 0x3b
 1086 003e 05       		.uleb128 0x5
 1087 003f 49       		.uleb128 0x49
 1088 0040 13       		.uleb128 0x13
 1089 0041 00       		.byte	0
 1090 0042 00       		.byte	0
ARM GAS  C:\Users\joack\AppData\Local\Temp\ccpi2ndF.s 			page 28


 1091 0043 06       		.uleb128 0x6
 1092 0044 0F       		.uleb128 0xf
 1093 0045 00       		.byte	0
 1094 0046 0B       		.uleb128 0xb
 1095 0047 0B       		.uleb128 0xb
 1096 0048 49       		.uleb128 0x49
 1097 0049 13       		.uleb128 0x13
 1098 004a 00       		.byte	0
 1099 004b 00       		.byte	0
 1100 004c 07       		.uleb128 0x7
 1101 004d 2E       		.uleb128 0x2e
 1102 004e 01       		.byte	0x1
 1103 004f 3F       		.uleb128 0x3f
 1104 0050 19       		.uleb128 0x19
 1105 0051 03       		.uleb128 0x3
 1106 0052 0E       		.uleb128 0xe
 1107 0053 3A       		.uleb128 0x3a
 1108 0054 0B       		.uleb128 0xb
 1109 0055 3B       		.uleb128 0x3b
 1110 0056 0B       		.uleb128 0xb
 1111 0057 49       		.uleb128 0x49
 1112 0058 13       		.uleb128 0x13
 1113 0059 8701     		.uleb128 0x87
 1114 005b 19       		.uleb128 0x19
 1115 005c 11       		.uleb128 0x11
 1116 005d 01       		.uleb128 0x1
 1117 005e 12       		.uleb128 0x12
 1118 005f 06       		.uleb128 0x6
 1119 0060 40       		.uleb128 0x40
 1120 0061 18       		.uleb128 0x18
 1121 0062 9642     		.uleb128 0x2116
 1122 0064 19       		.uleb128 0x19
 1123 0065 01       		.uleb128 0x1
 1124 0066 13       		.uleb128 0x13
 1125 0067 00       		.byte	0
 1126 0068 00       		.byte	0
 1127 0069 08       		.uleb128 0x8
 1128 006a 34       		.uleb128 0x34
 1129 006b 00       		.byte	0
 1130 006c 03       		.uleb128 0x3
 1131 006d 0E       		.uleb128 0xe
 1132 006e 3A       		.uleb128 0x3a
 1133 006f 0B       		.uleb128 0xb
 1134 0070 3B       		.uleb128 0x3b
 1135 0071 05       		.uleb128 0x5
 1136 0072 49       		.uleb128 0x49
 1137 0073 13       		.uleb128 0x13
 1138 0074 02       		.uleb128 0x2
 1139 0075 17       		.uleb128 0x17
 1140 0076 00       		.byte	0
 1141 0077 00       		.byte	0
 1142 0078 09       		.uleb128 0x9
 1143 0079 34       		.uleb128 0x34
 1144 007a 00       		.byte	0
 1145 007b 03       		.uleb128 0x3
 1146 007c 08       		.uleb128 0x8
 1147 007d 3A       		.uleb128 0x3a
ARM GAS  C:\Users\joack\AppData\Local\Temp\ccpi2ndF.s 			page 29


 1148 007e 0B       		.uleb128 0xb
 1149 007f 3B       		.uleb128 0x3b
 1150 0080 05       		.uleb128 0x5
 1151 0081 49       		.uleb128 0x49
 1152 0082 13       		.uleb128 0x13
 1153 0083 02       		.uleb128 0x2
 1154 0084 17       		.uleb128 0x17
 1155 0085 00       		.byte	0
 1156 0086 00       		.byte	0
 1157 0087 0A       		.uleb128 0xa
 1158 0088 898201   		.uleb128 0x4109
 1159 008b 00       		.byte	0
 1160 008c 11       		.uleb128 0x11
 1161 008d 01       		.uleb128 0x1
 1162 008e 31       		.uleb128 0x31
 1163 008f 13       		.uleb128 0x13
 1164 0090 00       		.byte	0
 1165 0091 00       		.byte	0
 1166 0092 0B       		.uleb128 0xb
 1167 0093 898201   		.uleb128 0x4109
 1168 0096 01       		.byte	0x1
 1169 0097 11       		.uleb128 0x11
 1170 0098 01       		.uleb128 0x1
 1171 0099 31       		.uleb128 0x31
 1172 009a 13       		.uleb128 0x13
 1173 009b 01       		.uleb128 0x1
 1174 009c 13       		.uleb128 0x13
 1175 009d 00       		.byte	0
 1176 009e 00       		.byte	0
 1177 009f 0C       		.uleb128 0xc
 1178 00a0 8A8201   		.uleb128 0x410a
 1179 00a3 00       		.byte	0
 1180 00a4 02       		.uleb128 0x2
 1181 00a5 18       		.uleb128 0x18
 1182 00a6 9142     		.uleb128 0x2111
 1183 00a8 18       		.uleb128 0x18
 1184 00a9 00       		.byte	0
 1185 00aa 00       		.byte	0
 1186 00ab 0D       		.uleb128 0xd
 1187 00ac 898201   		.uleb128 0x4109
 1188 00af 01       		.byte	0x1
 1189 00b0 11       		.uleb128 0x11
 1190 00b1 01       		.uleb128 0x1
 1191 00b2 31       		.uleb128 0x31
 1192 00b3 13       		.uleb128 0x13
 1193 00b4 00       		.byte	0
 1194 00b5 00       		.byte	0
 1195 00b6 0E       		.uleb128 0xe
 1196 00b7 2E       		.uleb128 0x2e
 1197 00b8 01       		.byte	0x1
 1198 00b9 3F       		.uleb128 0x3f
 1199 00ba 19       		.uleb128 0x19
 1200 00bb 03       		.uleb128 0x3
 1201 00bc 0E       		.uleb128 0xe
 1202 00bd 3A       		.uleb128 0x3a
 1203 00be 0B       		.uleb128 0xb
 1204 00bf 3B       		.uleb128 0x3b
ARM GAS  C:\Users\joack\AppData\Local\Temp\ccpi2ndF.s 			page 30


 1205 00c0 05       		.uleb128 0x5
 1206 00c1 27       		.uleb128 0x27
 1207 00c2 19       		.uleb128 0x19
 1208 00c3 49       		.uleb128 0x49
 1209 00c4 13       		.uleb128 0x13
 1210 00c5 11       		.uleb128 0x11
 1211 00c6 01       		.uleb128 0x1
 1212 00c7 12       		.uleb128 0x12
 1213 00c8 06       		.uleb128 0x6
 1214 00c9 40       		.uleb128 0x40
 1215 00ca 18       		.uleb128 0x18
 1216 00cb 9742     		.uleb128 0x2117
 1217 00cd 19       		.uleb128 0x19
 1218 00ce 01       		.uleb128 0x1
 1219 00cf 13       		.uleb128 0x13
 1220 00d0 00       		.byte	0
 1221 00d1 00       		.byte	0
 1222 00d2 0F       		.uleb128 0xf
 1223 00d3 05       		.uleb128 0x5
 1224 00d4 00       		.byte	0
 1225 00d5 03       		.uleb128 0x3
 1226 00d6 0E       		.uleb128 0xe
 1227 00d7 3A       		.uleb128 0x3a
 1228 00d8 0B       		.uleb128 0xb
 1229 00d9 3B       		.uleb128 0x3b
 1230 00da 05       		.uleb128 0x5
 1231 00db 49       		.uleb128 0x49
 1232 00dc 13       		.uleb128 0x13
 1233 00dd 02       		.uleb128 0x2
 1234 00de 17       		.uleb128 0x17
 1235 00df 00       		.byte	0
 1236 00e0 00       		.byte	0
 1237 00e1 10       		.uleb128 0x10
 1238 00e2 05       		.uleb128 0x5
 1239 00e3 00       		.byte	0
 1240 00e4 03       		.uleb128 0x3
 1241 00e5 08       		.uleb128 0x8
 1242 00e6 3A       		.uleb128 0x3a
 1243 00e7 0B       		.uleb128 0xb
 1244 00e8 3B       		.uleb128 0x3b
 1245 00e9 05       		.uleb128 0x5
 1246 00ea 49       		.uleb128 0x49
 1247 00eb 13       		.uleb128 0x13
 1248 00ec 02       		.uleb128 0x2
 1249 00ed 17       		.uleb128 0x17
 1250 00ee 00       		.byte	0
 1251 00ef 00       		.byte	0
 1252 00f0 11       		.uleb128 0x11
 1253 00f1 34       		.uleb128 0x34
 1254 00f2 00       		.byte	0
 1255 00f3 03       		.uleb128 0x3
 1256 00f4 0E       		.uleb128 0xe
 1257 00f5 3A       		.uleb128 0x3a
 1258 00f6 0B       		.uleb128 0xb
 1259 00f7 3B       		.uleb128 0x3b
 1260 00f8 05       		.uleb128 0x5
 1261 00f9 49       		.uleb128 0x49
ARM GAS  C:\Users\joack\AppData\Local\Temp\ccpi2ndF.s 			page 31


 1262 00fa 13       		.uleb128 0x13
 1263 00fb 3F       		.uleb128 0x3f
 1264 00fc 19       		.uleb128 0x19
 1265 00fd 3C       		.uleb128 0x3c
 1266 00fe 19       		.uleb128 0x19
 1267 00ff 00       		.byte	0
 1268 0100 00       		.byte	0
 1269 0101 12       		.uleb128 0x12
 1270 0102 35       		.uleb128 0x35
 1271 0103 00       		.byte	0
 1272 0104 49       		.uleb128 0x49
 1273 0105 13       		.uleb128 0x13
 1274 0106 00       		.byte	0
 1275 0107 00       		.byte	0
 1276 0108 13       		.uleb128 0x13
 1277 0109 2E       		.uleb128 0x2e
 1278 010a 00       		.byte	0
 1279 010b 3F       		.uleb128 0x3f
 1280 010c 19       		.uleb128 0x19
 1281 010d 3C       		.uleb128 0x3c
 1282 010e 19       		.uleb128 0x19
 1283 010f 6E       		.uleb128 0x6e
 1284 0110 0E       		.uleb128 0xe
 1285 0111 03       		.uleb128 0x3
 1286 0112 0E       		.uleb128 0xe
 1287 0113 3A       		.uleb128 0x3a
 1288 0114 0B       		.uleb128 0xb
 1289 0115 3B       		.uleb128 0x3b
 1290 0116 0B       		.uleb128 0xb
 1291 0117 00       		.byte	0
 1292 0118 00       		.byte	0
 1293 0119 00       		.byte	0
 1294              		.section	.debug_loc,"",%progbits
 1295              	.Ldebug_loc0:
 1296              	.LLST0:
 1297 0000 0C000000 		.4byte	.LVL1
 1298 0004 10000000 		.4byte	.LVL2
 1299 0008 0200     		.2byte	0x2
 1300 000a 30       		.byte	0x30
 1301 000b 9F       		.byte	0x9f
 1302 000c 2A000000 		.4byte	.LVL8
 1303 0010 54000000 		.4byte	.LVL16
 1304 0014 0100     		.2byte	0x1
 1305 0016 54       		.byte	0x54
 1306 0017 00000000 		.4byte	0
 1307 001b 00000000 		.4byte	0
 1308              	.LLST1:
 1309 001f 0C000000 		.4byte	.LVL1
 1310 0023 10000000 		.4byte	.LVL2
 1311 0027 0600     		.2byte	0x6
 1312 0029 9E       		.byte	0x9e
 1313 002a 04       		.uleb128 0x4
 1314 002b 00000000 		.4byte	0
 1315 002f 00000000 		.4byte	0
 1316 0033 00000000 		.4byte	0
 1317              	.LLST2:
 1318 0037 0C000000 		.4byte	.LVL1
ARM GAS  C:\Users\joack\AppData\Local\Temp\ccpi2ndF.s 			page 32


 1319 003b 10000000 		.4byte	.LVL2
 1320 003f 0600     		.2byte	0x6
 1321 0041 9E       		.byte	0x9e
 1322 0042 04       		.uleb128 0x4
 1323 0043 00000000 		.4byte	0
 1324 0047 10000000 		.4byte	.LVL2
 1325 004b 4E000000 		.4byte	.LVL14
 1326 004f 0100     		.2byte	0x1
 1327 0051 55       		.byte	0x55
 1328 0052 4E000000 		.4byte	.LVL14
 1329 0056 50000000 		.4byte	.LVL15
 1330 005a 0100     		.2byte	0x1
 1331 005c 50       		.byte	0x50
 1332 005d 50000000 		.4byte	.LVL15
 1333 0061 24010000 		.4byte	.LFE64
 1334 0065 0100     		.2byte	0x1
 1335 0067 55       		.byte	0x55
 1336 0068 00000000 		.4byte	0
 1337 006c 00000000 		.4byte	0
 1338              	.LLST3:
 1339 0070 0C000000 		.4byte	.LVL1
 1340 0074 10000000 		.4byte	.LVL2
 1341 0078 0200     		.2byte	0x2
 1342 007a 30       		.byte	0x30
 1343 007b 9F       		.byte	0x9f
 1344 007c 10000000 		.4byte	.LVL2
 1345 0080 18000000 		.4byte	.LVL4
 1346 0084 0100     		.2byte	0x1
 1347 0086 54       		.byte	0x54
 1348 0087 18000000 		.4byte	.LVL4
 1349 008b 66000000 		.4byte	.LVL19
 1350 008f 0200     		.2byte	0x2
 1351 0091 30       		.byte	0x30
 1352 0092 9F       		.byte	0x9f
 1353 0093 66000000 		.4byte	.LVL19
 1354 0097 24010000 		.4byte	.LFE64
 1355 009b 0100     		.2byte	0x1
 1356 009d 54       		.byte	0x54
 1357 009e 00000000 		.4byte	0
 1358 00a2 00000000 		.4byte	0
 1359              	.LLST4:
 1360 00a6 0C000000 		.4byte	.LVL1
 1361 00aa 10000000 		.4byte	.LVL2
 1362 00ae 0200     		.2byte	0x2
 1363 00b0 31       		.byte	0x31
 1364 00b1 9F       		.byte	0x9f
 1365 00b2 90000000 		.4byte	.LVL26
 1366 00b6 95000000 		.4byte	.LVL27-1
 1367 00ba 0600     		.2byte	0x6
 1368 00bc 70       		.byte	0x70
 1369 00bd 00       		.sleb128 0
 1370 00be 08       		.byte	0x8
 1371 00bf FF       		.byte	0xff
 1372 00c0 1A       		.byte	0x1a
 1373 00c1 9F       		.byte	0x9f
 1374 00c2 00000000 		.4byte	0
 1375 00c6 00000000 		.4byte	0
ARM GAS  C:\Users\joack\AppData\Local\Temp\ccpi2ndF.s 			page 33


 1376              	.LLST5:
 1377 00ca 00000000 		.4byte	.LVL39
 1378 00ce 0A000000 		.4byte	.LVL41
 1379 00d2 0100     		.2byte	0x1
 1380 00d4 50       		.byte	0x50
 1381 00d5 0A000000 		.4byte	.LVL41
 1382 00d9 2A000000 		.4byte	.LFE65
 1383 00dd 0400     		.2byte	0x4
 1384 00df F3       		.byte	0xf3
 1385 00e0 01       		.uleb128 0x1
 1386 00e1 50       		.byte	0x50
 1387 00e2 9F       		.byte	0x9f
 1388 00e3 00000000 		.4byte	0
 1389 00e7 00000000 		.4byte	0
 1390              	.LLST6:
 1391 00eb 00000000 		.4byte	.LVL39
 1392 00ef 0A000000 		.4byte	.LVL41
 1393 00f3 0100     		.2byte	0x1
 1394 00f5 51       		.byte	0x51
 1395 00f6 0A000000 		.4byte	.LVL41
 1396 00fa 18000000 		.4byte	.LVL43
 1397 00fe 0100     		.2byte	0x1
 1398 0100 54       		.byte	0x54
 1399 0101 18000000 		.4byte	.LVL43
 1400 0105 22000000 		.4byte	.LVL46
 1401 0109 0100     		.2byte	0x1
 1402 010b 56       		.byte	0x56
 1403 010c 22000000 		.4byte	.LVL46
 1404 0110 2A000000 		.4byte	.LFE65
 1405 0114 0100     		.2byte	0x1
 1406 0116 54       		.byte	0x54
 1407 0117 00000000 		.4byte	0
 1408 011b 00000000 		.4byte	0
 1409              	.LLST7:
 1410 011f 00000000 		.4byte	.LVL39
 1411 0123 0A000000 		.4byte	.LVL41
 1412 0127 0100     		.2byte	0x1
 1413 0129 52       		.byte	0x52
 1414 012a 0A000000 		.4byte	.LVL41
 1415 012e 2A000000 		.4byte	.LFE65
 1416 0132 0100     		.2byte	0x1
 1417 0134 57       		.byte	0x57
 1418 0135 00000000 		.4byte	0
 1419 0139 00000000 		.4byte	0
 1420              	.LLST8:
 1421 013d 06000000 		.4byte	.LVL40
 1422 0141 0A000000 		.4byte	.LVL41
 1423 0145 0200     		.2byte	0x2
 1424 0147 30       		.byte	0x30
 1425 0148 9F       		.byte	0x9f
 1426 0149 0A000000 		.4byte	.LVL41
 1427 014d 2A000000 		.4byte	.LFE65
 1428 0151 0100     		.2byte	0x1
 1429 0153 55       		.byte	0x55
 1430 0154 00000000 		.4byte	0
 1431 0158 00000000 		.4byte	0
 1432              	.LLST9:
ARM GAS  C:\Users\joack\AppData\Local\Temp\ccpi2ndF.s 			page 34


 1433 015c 00000000 		.4byte	.LVL47
 1434 0160 0A000000 		.4byte	.LVL49
 1435 0164 0100     		.2byte	0x1
 1436 0166 50       		.byte	0x50
 1437 0167 0A000000 		.4byte	.LVL49
 1438 016b 38000000 		.4byte	.LFE66
 1439 016f 0400     		.2byte	0x4
 1440 0171 F3       		.byte	0xf3
 1441 0172 01       		.uleb128 0x1
 1442 0173 50       		.byte	0x50
 1443 0174 9F       		.byte	0x9f
 1444 0175 00000000 		.4byte	0
 1445 0179 00000000 		.4byte	0
 1446              	.LLST10:
 1447 017d 00000000 		.4byte	.LVL47
 1448 0181 0A000000 		.4byte	.LVL49
 1449 0185 0100     		.2byte	0x1
 1450 0187 51       		.byte	0x51
 1451 0188 0A000000 		.4byte	.LVL49
 1452 018c 26000000 		.4byte	.LVL56
 1453 0190 0100     		.2byte	0x1
 1454 0192 57       		.byte	0x57
 1455 0193 26000000 		.4byte	.LVL56
 1456 0197 30000000 		.4byte	.LVL58
 1457 019b 0100     		.2byte	0x1
 1458 019d 53       		.byte	0x53
 1459 019e 30000000 		.4byte	.LVL58
 1460 01a2 34000000 		.4byte	.LVL59
 1461 01a6 0100     		.2byte	0x1
 1462 01a8 57       		.byte	0x57
 1463 01a9 00000000 		.4byte	0
 1464 01ad 00000000 		.4byte	0
 1465              	.LLST11:
 1466 01b1 00000000 		.4byte	.LVL47
 1467 01b5 0A000000 		.4byte	.LVL49
 1468 01b9 0100     		.2byte	0x1
 1469 01bb 52       		.byte	0x52
 1470 01bc 0A000000 		.4byte	.LVL49
 1471 01c0 38000000 		.4byte	.LFE66
 1472 01c4 0100     		.2byte	0x1
 1473 01c6 54       		.byte	0x54
 1474 01c7 00000000 		.4byte	0
 1475 01cb 00000000 		.4byte	0
 1476              	.LLST12:
 1477 01cf 06000000 		.4byte	.LVL48
 1478 01d3 0A000000 		.4byte	.LVL49
 1479 01d7 0200     		.2byte	0x2
 1480 01d9 30       		.byte	0x30
 1481 01da 9F       		.byte	0x9f
 1482 01db 0A000000 		.4byte	.LVL49
 1483 01df 38000000 		.4byte	.LFE66
 1484 01e3 0100     		.2byte	0x1
 1485 01e5 56       		.byte	0x56
 1486 01e6 00000000 		.4byte	0
 1487 01ea 00000000 		.4byte	0
 1488              	.LLST13:
 1489 01ee 0E000000 		.4byte	.LVL50
ARM GAS  C:\Users\joack\AppData\Local\Temp\ccpi2ndF.s 			page 35


 1490 01f2 15000000 		.4byte	.LVL51-1
 1491 01f6 0100     		.2byte	0x1
 1492 01f8 50       		.byte	0x50
 1493 01f9 1C000000 		.4byte	.LVL53
 1494 01fd 24000000 		.4byte	.LVL55
 1495 0201 0200     		.2byte	0x2
 1496 0203 3A       		.byte	0x3a
 1497 0204 9F       		.byte	0x9f
 1498 0205 24000000 		.4byte	.LVL55
 1499 0209 30000000 		.4byte	.LVL58
 1500 020d 0100     		.2byte	0x1
 1501 020f 55       		.byte	0x55
 1502 0210 00000000 		.4byte	0
 1503 0214 00000000 		.4byte	0
 1504              		.section	.debug_aranges,"",%progbits
 1505 0000 2C000000 		.4byte	0x2c
 1506 0004 0200     		.2byte	0x2
 1507 0006 00000000 		.4byte	.Ldebug_info0
 1508 000a 04       		.byte	0x4
 1509 000b 00       		.byte	0
 1510 000c 0000     		.2byte	0
 1511 000e 0000     		.2byte	0
 1512 0010 00000000 		.4byte	.LFB64
 1513 0014 24010000 		.4byte	.LFE64-.LFB64
 1514 0018 00000000 		.4byte	.LFB65
 1515 001c 2A000000 		.4byte	.LFE65-.LFB65
 1516 0020 00000000 		.4byte	.LFB66
 1517 0024 38000000 		.4byte	.LFE66-.LFB66
 1518 0028 00000000 		.4byte	0
 1519 002c 00000000 		.4byte	0
 1520              		.section	.debug_ranges,"",%progbits
 1521              	.Ldebug_ranges0:
 1522 0000 00000000 		.4byte	.LFB64
 1523 0004 24010000 		.4byte	.LFE64
 1524 0008 00000000 		.4byte	.LFB65
 1525 000c 2A000000 		.4byte	.LFE65
 1526 0010 00000000 		.4byte	.LFB66
 1527 0014 38000000 		.4byte	.LFE66
 1528 0018 00000000 		.4byte	0
 1529 001c 00000000 		.4byte	0
 1530              		.section	.debug_line,"",%progbits
 1531              	.Ldebug_line0:
 1532 0000 54020000 		.section	.debug_str,"MS",%progbits,1
 1532      0200C501 
 1532      00000201 
 1532      FB0E0D00 
 1532      01010101 
 1533              	.LASF25:
 1534 0000 55415254 		.ascii	"UART_1_Start\000"
 1534      5F315F53 
 1534      74617274 
 1534      00
 1535              	.LASF9:
 1536 000d 5F5F696E 		.ascii	"__int32_t\000"
 1536      7433325F 
 1536      7400
 1537              	.LASF26:
ARM GAS  C:\Users\joack\AppData\Local\Temp\ccpi2ndF.s 			page 36


 1538 0017 4144435F 		.ascii	"ADC_Battery_Start\000"
 1538      42617474 
 1538      6572795F 
 1538      53746172 
 1538      7400
 1539              	.LASF3:
 1540 0029 73686F72 		.ascii	"short unsigned int\000"
 1540      7420756E 
 1540      7369676E 
 1540      65642069 
 1540      6E7400
 1541              	.LASF23:
 1542 003c 5F726561 		.ascii	"_read\000"
 1542      6400
 1543              	.LASF12:
 1544 0042 666C6F61 		.ascii	"float\000"
 1544      7400
 1545              	.LASF22:
 1546 0048 66696C65 		.ascii	"file\000"
 1546      00
 1547              	.LASF1:
 1548 004d 756E7369 		.ascii	"unsigned char\000"
 1548      676E6564 
 1548      20636861 
 1548      7200
 1549              	.LASF40:
 1550 005b 474E5520 		.ascii	"GNU C11 5.4.1 20160609 (release) [ARM/embedded-5-br"
 1550      43313120 
 1550      352E342E 
 1550      31203230 
 1550      31363036 
 1551 008e 616E6368 		.ascii	"anch revision 237715] -mcpu=cortex-m3 -mthumb -g -O"
 1551      20726576 
 1551      6973696F 
 1551      6E203233 
 1551      37373135 
 1552 00c1 67202D66 		.ascii	"g -ffunction-sections -ffat-lto-objects\000"
 1552      66756E63 
 1552      74696F6E 
 1552      2D736563 
 1552      74696F6E 
 1553              	.LASF11:
 1554 00e9 696E7431 		.ascii	"int16\000"
 1554      3600
 1555              	.LASF5:
 1556 00ef 6C6F6E67 		.ascii	"long unsigned int\000"
 1556      20756E73 
 1556      69676E65 
 1556      6420696E 
 1556      7400
 1557              	.LASF0:
 1558 0101 7369676E 		.ascii	"signed char\000"
 1558      65642063 
 1558      68617200 
 1559              	.LASF42:
 1560 010d 433A5C55 		.ascii	"C:\\Users\\joack\\OneDrive\\Tiedostot\\GitHub\\Tuom"
 1560      73657273 
ARM GAS  C:\Users\joack\AppData\Local\Temp\ccpi2ndF.s 			page 37


 1560      5C6A6F61 
 1560      636B5C4F 
 1560      6E654472 
 1561 013a 6F2D426F 		.ascii	"o-Bot\\ZumoBot.cydsn\000"
 1561      745C5A75 
 1561      6D6F426F 
 1561      742E6379 
 1561      64736E00 
 1562              	.LASF13:
 1563 014e 646F7562 		.ascii	"double\000"
 1563      6C6500
 1564              	.LASF37:
 1565 0155 6D6F746F 		.ascii	"motor_stop\000"
 1565      725F7374 
 1565      6F7000
 1566              	.LASF20:
 1567 0160 6D61696E 		.ascii	"main\000"
 1567      00
 1568              	.LASF43:
 1569 0165 49544D5F 		.ascii	"ITM_RxBuffer\000"
 1569      52784275 
 1569      66666572 
 1569      00
 1570              	.LASF38:
 1571 0172 55415254 		.ascii	"UART_1_PutChar\000"
 1571      5F315F50 
 1571      75744368 
 1571      617200
 1572              	.LASF8:
 1573 0181 756E7369 		.ascii	"unsigned int\000"
 1573      676E6564 
 1573      20696E74 
 1573      00
 1574              	.LASF29:
 1575 018e 4144435F 		.ascii	"ADC_Battery_GetResult16\000"
 1575      42617474 
 1575      6572795F 
 1575      47657452 
 1575      6573756C 
 1576              	.LASF7:
 1577 01a6 6C6F6E67 		.ascii	"long long unsigned int\000"
 1577      206C6F6E 
 1577      6720756E 
 1577      7369676E 
 1577      65642069 
 1578              	.LASF35:
 1579 01bd 6D6F746F 		.ascii	"motor_start\000"
 1579      725F7374 
 1579      61727400 
 1580              	.LASF30:
 1581 01c9 4144435F 		.ascii	"ADC_Battery_CountsTo_Volts\000"
 1581      42617474 
 1581      6572795F 
 1581      436F756E 
 1581      7473546F 
 1582              	.LASF34:
 1583 01e4 5357315F 		.ascii	"SW1_Read\000"
ARM GAS  C:\Users\joack\AppData\Local\Temp\ccpi2ndF.s 			page 38


 1583      52656164 
 1583      00
 1584              	.LASF18:
 1585 01ed 766F6C74 		.ascii	"volts\000"
 1585      7300
 1586              	.LASF10:
 1587 01f3 696E7433 		.ascii	"int32_t\000"
 1587      325F7400 
 1588              	.LASF21:
 1589 01fb 5F777269 		.ascii	"_write\000"
 1589      746500
 1590              	.LASF16:
 1591 0202 73697A65 		.ascii	"sizetype\000"
 1591      74797065 
 1591      00
 1592              	.LASF6:
 1593 020b 6C6F6E67 		.ascii	"long long int\000"
 1593      206C6F6E 
 1593      6720696E 
 1593      7400
 1594              	.LASF32:
 1595 0219 42617474 		.ascii	"BatteryLed_Write\000"
 1595      6572794C 
 1595      65645F57 
 1595      72697465 
 1595      00
 1596              	.LASF41:
 1597 022a 6D61696E 		.ascii	"main.c\000"
 1597      2E6300
 1598              	.LASF14:
 1599 0231 63686172 		.ascii	"char\000"
 1599      00
 1600              	.LASF17:
 1601 0236 61646372 		.ascii	"adcresult\000"
 1601      6573756C 
 1601      7400
 1602              	.LASF31:
 1603 0240 7072696E 		.ascii	"printf\000"
 1603      746600
 1604              	.LASF24:
 1605 0247 636F756E 		.ascii	"count\000"
 1605      7400
 1606              	.LASF2:
 1607 024d 73686F72 		.ascii	"short int\000"
 1607      7420696E 
 1607      7400
 1608              	.LASF28:
 1609 0257 4144435F 		.ascii	"ADC_Battery_IsEndConversion\000"
 1609      42617474 
 1609      6572795F 
 1609      4973456E 
 1609      64436F6E 
 1610              	.LASF4:
 1611 0273 6C6F6E67 		.ascii	"long int\000"
 1611      20696E74 
 1611      00
 1612              	.LASF19:
ARM GAS  C:\Users\joack\AppData\Local\Temp\ccpi2ndF.s 			page 39


 1613 027c 62757474 		.ascii	"button\000"
 1613      6F6E00
 1614              	.LASF15:
 1615 0283 6C6F6E67 		.ascii	"long double\000"
 1615      20646F75 
 1615      626C6500 
 1616              	.LASF36:
 1617 028f 6D6F746F 		.ascii	"motor_turn\000"
 1617      725F7475 
 1617      726E00
 1618              	.LASF27:
 1619 029a 4144435F 		.ascii	"ADC_Battery_StartConvert\000"
 1619      42617474 
 1619      6572795F 
 1619      53746172 
 1619      74436F6E 
 1620              	.LASF33:
 1621 02b3 43794465 		.ascii	"CyDelay\000"
 1621      6C617900 
 1622              	.LASF39:
 1623 02bb 55415254 		.ascii	"UART_1_GetChar\000"
 1623      5F315F47 
 1623      65744368 
 1623      617200
 1624              		.ident	"GCC: (GNU Tools for ARM Embedded Processors) 5.4.1 20160609 (release) [ARM/embedded-5-bran
